  [1m[35m (17.9ms)[0m  [1m[34mSELECT sqlite_version(*)[0m
  [1m[35m (11.1ms)[0m  [1m[35mCREATE TABLE "schema_migrations" ("version" varchar NOT NULL PRIMARY KEY)[0m
  [1m[35m (6.5ms)[0m  [1m[35mCREATE TABLE "ar_internal_metadata" ("key" varchar NOT NULL PRIMARY KEY, "value" varchar, "created_at" datetime(6) NOT NULL, "updated_at" datetime(6) NOT NULL)[0m
  [1m[35m (0.2ms)[0m  [1m[34mSELECT "schema_migrations"."version" FROM "schema_migrations" ORDER BY "schema_migrations"."version" ASC[0m
Migrating to CreateActivities (20200426005857)
  [1m[35m (0.1ms)[0m  [1m[36mbegin transaction[0m
  [1m[35m (1.3ms)[0m  [1m[35mCREATE TABLE "activities" ("id" integer PRIMARY KEY AUTOINCREMENT NOT NULL, "name" varchar, "category_id" integer, "created_at" datetime(6) NOT NULL, "updated_at" datetime(6) NOT NULL)[0m
  [1m[36mprimary::SchemaMigration Create (0.3ms)[0m  [1m[32mINSERT INTO "schema_migrations" ("version") VALUES (?)[0m  [["version", "20200426005857"]]
  [1m[35m (7.4ms)[0m  [1m[36mcommit transaction[0m
Migrating to CreateCategories (20200426010608)
  [1m[35m (0.1ms)[0m  [1m[36mbegin transaction[0m
  [1m[35m (1.1ms)[0m  [1m[35mCREATE TABLE "categories" ("id" integer PRIMARY KEY AUTOINCREMENT NOT NULL, "name" varchar, "created_at" datetime(6) NOT NULL, "updated_at" datetime(6) NOT NULL)[0m
  [1m[36mprimary::SchemaMigration Create (0.4ms)[0m  [1m[32mINSERT INTO "schema_migrations" ("version") VALUES (?)[0m  [["version", "20200426010608"]]
  [1m[35m (6.8ms)[0m  [1m[36mcommit transaction[0m
  [1m[36mActiveRecord::InternalMetadata Load (0.3ms)[0m  [1m[34mSELECT "ar_internal_metadata".* FROM "ar_internal_metadata" WHERE "ar_internal_metadata"."key" = ? LIMIT ?[0m  [["key", "environment"], ["LIMIT", 1]]
  [1m[35m (0.1ms)[0m  [1m[36mbegin transaction[0m
  [1m[36mActiveRecord::InternalMetadata Create (0.9ms)[0m  [1m[32mINSERT INTO "ar_internal_metadata" ("key", "value", "created_at", "updated_at") VALUES (?, ?, ?, ?)[0m  [["key", "environment"], ["value", "development"], ["created_at", "2020-04-26 01:11:21.698559"], ["updated_at", "2020-04-26 01:11:21.698559"]]
  [1m[35m (7.8ms)[0m  [1m[36mcommit transaction[0m
  [1m[35m (0.1ms)[0m  [1m[34mSELECT sqlite_version(*)[0m
  [1m[35m (0.7ms)[0m  [1m[34mSELECT "schema_migrations"."version" FROM "schema_migrations" ORDER BY "schema_migrations"."version" ASC[0m
  [1m[35m (0.5ms)[0m  [1m[34mSELECT sqlite_version(*)[0m
  [1m[35m (0.3ms)[0m  [1m[34mSELECT "schema_migrations"."version" FROM "schema_migrations" ORDER BY "schema_migrations"."version" ASC[0m
  [1m[35m (0.1ms)[0m  [1m[34mSELECT sqlite_version(*)[0m
  [1m[35m (0.0ms)[0m  [1m[36mbegin transaction[0m
  [1m[36mActivity Create (0.9ms)[0m  [1m[32mINSERT INTO "activities" ("name", "created_at", "updated_at") VALUES (?, ?, ?)[0m  [["name", "walking"], ["created_at", "2020-04-26 01:11:37.572605"], ["updated_at", "2020-04-26 01:11:37.572605"]]
  [1m[35m (5.8ms)[0m  [1m[36mcommit transaction[0m
  [1m[35m (0.0ms)[0m  [1m[36mbegin transaction[0m
  [1m[36mActivity Create (0.9ms)[0m  [1m[32mINSERT INTO "activities" ("name", "created_at", "updated_at") VALUES (?, ?, ?)[0m  [["name", "Yoga"], ["created_at", "2020-04-26 01:11:37.582399"], ["updated_at", "2020-04-26 01:11:37.582399"]]
  [1m[35m (5.7ms)[0m  [1m[36mcommit transaction[0m
  [1m[35m (0.1ms)[0m  [1m[36mbegin transaction[0m
  [1m[36mActivity Create (0.9ms)[0m  [1m[32mINSERT INTO "activities" ("name", "created_at", "updated_at") VALUES (?, ?, ?)[0m  [["name", "reading"], ["created_at", "2020-04-26 01:11:37.591575"], ["updated_at", "2020-04-26 01:11:37.591575"]]
  [1m[35m (6.2ms)[0m  [1m[36mcommit transaction[0m
  [1m[35m (0.1ms)[0m  [1m[36mbegin transaction[0m
  [1m[36mActivity Create (1.3ms)[0m  [1m[32mINSERT INTO "activities" ("name", "created_at", "updated_at") VALUES (?, ?, ?)[0m  [["name", "saving"], ["created_at", "2020-04-26 01:11:37.602431"], ["updated_at", "2020-04-26 01:11:37.602431"]]
  [1m[35m (7.8ms)[0m  [1m[36mcommit transaction[0m
  [1m[35m (0.1ms)[0m  [1m[36mbegin transaction[0m
  [1m[36mActivity Create (1.5ms)[0m  [1m[32mINSERT INTO "activities" ("name", "created_at", "updated_at") VALUES (?, ?, ?)[0m  [["name", "journaling"], ["created_at", "2020-04-26 01:11:37.616493"], ["updated_at", "2020-04-26 01:11:37.616493"]]
  [1m[35m (9.3ms)[0m  [1m[36mcommit transaction[0m
  [1m[35m (0.1ms)[0m  [1m[36mbegin transaction[0m
  [1m[36mActivity Create (0.9ms)[0m  [1m[32mINSERT INTO "activities" ("name", "created_at", "updated_at") VALUES (?, ?, ?)[0m  [["name", "free-weights"], ["created_at", "2020-04-26 01:11:37.632178"], ["updated_at", "2020-04-26 01:11:37.632178"]]
  [1m[35m (7.4ms)[0m  [1m[36mcommit transaction[0m
  [1m[35m (0.6ms)[0m  [1m[34mSELECT sqlite_version(*)[0m
  [1m[36mActivity Load (0.4ms)[0m  [1m[34mSELECT "activities".* FROM "activities" LIMIT ?[0m  [["LIMIT", 11]]
Started GET "/" for 127.0.0.1 at 2020-04-25 21:19:42 -0400
  [1m[35m (0.5ms)[0m  [1m[34mSELECT sqlite_version(*)[0m
  [1m[35m (0.2ms)[0m  [1m[34mSELECT "schema_migrations"."version" FROM "schema_migrations" ORDER BY "schema_migrations"."version" ASC[0m
Processing by Rails::WelcomeController#index as HTML
  Rendering /home/charityparks/.rvm/gems/ruby-2.6.1/gems/railties-6.0.2.2/lib/rails/templates/rails/welcome/index.html.erb
  Rendered /home/charityparks/.rvm/gems/ruby-2.6.1/gems/railties-6.0.2.2/lib/rails/templates/rails/welcome/index.html.erb (Duration: 46.7ms | Allocations: 477)
Completed 200 OK in 133ms (Views: 89.1ms | ActiveRecord: 0.0ms | Allocations: 2633)


Started GET "/favicon.ico" for 127.0.0.1 at 2020-04-25 21:19:43 -0400
  
ActionController::RoutingError (No route matches [GET] "/favicon.ico"):
  
actionpack (6.0.2.2) lib/action_dispatch/middleware/debug_exceptions.rb:36:in `call'
actionpack (6.0.2.2) lib/action_dispatch/middleware/show_exceptions.rb:33:in `call'
railties (6.0.2.2) lib/rails/rack/logger.rb:38:in `call_app'
railties (6.0.2.2) lib/rails/rack/logger.rb:26:in `block in call'
activesupport (6.0.2.2) lib/active_support/tagged_logging.rb:80:in `block in tagged'
activesupport (6.0.2.2) lib/active_support/tagged_logging.rb:28:in `tagged'
activesupport (6.0.2.2) lib/active_support/tagged_logging.rb:80:in `tagged'
railties (6.0.2.2) lib/rails/rack/logger.rb:26:in `call'
actionpack (6.0.2.2) lib/action_dispatch/middleware/remote_ip.rb:81:in `call'
actionpack (6.0.2.2) lib/action_dispatch/middleware/request_id.rb:27:in `call'
rack (2.2.2) lib/rack/runtime.rb:22:in `call'
activesupport (6.0.2.2) lib/active_support/cache/strategy/local_cache_middleware.rb:29:in `call'
actionpack (6.0.2.2) lib/action_dispatch/middleware/executor.rb:14:in `call'
actionpack (6.0.2.2) lib/action_dispatch/middleware/static.rb:126:in `call'
rack (2.2.2) lib/rack/sendfile.rb:110:in `call'
actionpack (6.0.2.2) lib/action_dispatch/middleware/host_authorization.rb:83:in `call'
rack-cors (1.1.1) lib/rack/cors.rb:100:in `call'
railties (6.0.2.2) lib/rails/engine.rb:526:in `call'
puma (4.3.3) lib/puma/configuration.rb:228:in `call'
puma (4.3.3) lib/puma/server.rb:682:in `handle_request'
puma (4.3.3) lib/puma/server.rb:472:in `process_client'
puma (4.3.3) lib/puma/server.rb:328:in `block in run'
puma (4.3.3) lib/puma/thread_pool.rb:134:in `block in spawn_thread'
Started GET "/index" for 127.0.0.1 at 2020-04-25 21:19:49 -0400
  
ActionController::RoutingError (No route matches [GET] "/index"):
  
actionpack (6.0.2.2) lib/action_dispatch/middleware/debug_exceptions.rb:36:in `call'
actionpack (6.0.2.2) lib/action_dispatch/middleware/show_exceptions.rb:33:in `call'
railties (6.0.2.2) lib/rails/rack/logger.rb:38:in `call_app'
railties (6.0.2.2) lib/rails/rack/logger.rb:26:in `block in call'
activesupport (6.0.2.2) lib/active_support/tagged_logging.rb:80:in `block in tagged'
activesupport (6.0.2.2) lib/active_support/tagged_logging.rb:28:in `tagged'
activesupport (6.0.2.2) lib/active_support/tagged_logging.rb:80:in `tagged'
railties (6.0.2.2) lib/rails/rack/logger.rb:26:in `call'
actionpack (6.0.2.2) lib/action_dispatch/middleware/remote_ip.rb:81:in `call'
actionpack (6.0.2.2) lib/action_dispatch/middleware/request_id.rb:27:in `call'
rack (2.2.2) lib/rack/runtime.rb:22:in `call'
activesupport (6.0.2.2) lib/active_support/cache/strategy/local_cache_middleware.rb:29:in `call'
actionpack (6.0.2.2) lib/action_dispatch/middleware/executor.rb:14:in `call'
actionpack (6.0.2.2) lib/action_dispatch/middleware/static.rb:126:in `call'
rack (2.2.2) lib/rack/sendfile.rb:110:in `call'
actionpack (6.0.2.2) lib/action_dispatch/middleware/host_authorization.rb:83:in `call'
rack-cors (1.1.1) lib/rack/cors.rb:100:in `call'
railties (6.0.2.2) lib/rails/engine.rb:526:in `call'
puma (4.3.3) lib/puma/configuration.rb:228:in `call'
puma (4.3.3) lib/puma/server.rb:682:in `handle_request'
puma (4.3.3) lib/puma/server.rb:472:in `process_client'
puma (4.3.3) lib/puma/server.rb:328:in `block in run'
puma (4.3.3) lib/puma/thread_pool.rb:134:in `block in spawn_thread'
Started GET "/activities" for ::1 at 2020-04-25 21:20:33 -0400
Processing by ActivitiesController#index as HTML
Completed 500 Internal Server Error in 159ms (ActiveRecord: 0.0ms | Allocations: 70103)


  
NameError (undefined local variable or method `json' for #<ActivitiesController:0x00007fffde309ba8>
Did you mean?  JSON):
  
app/controllers/activities_controller.rb:4:in `index'
Started GET "/activities" for ::1 at 2020-04-25 21:21:10 -0400
  [1m[35m (0.0ms)[0m  [1m[34mSELECT sqlite_version(*)[0m
Processing by ActivitiesController#index as HTML
  [1m[36mActivity Load (0.2ms)[0m  [1m[34mSELECT "activities".* FROM "activities"[0m
  ↳ app/controllers/activities_controller.rb:4:in `index'
Completed 200 OK in 12ms (Views: 7.3ms | ActiveRecord: 2.5ms | Allocations: 5467)


Started GET "/activities" for ::1 at 2020-04-26 20:32:07 -0400
  [1m[35m (20.7ms)[0m  [1m[34mSELECT sqlite_version(*)[0m
  [1m[35m (0.4ms)[0m  [1m[34mSELECT "schema_migrations"."version" FROM "schema_migrations" ORDER BY "schema_migrations"."version" ASC[0m
Processing by ActivitiesController#index as HTML
  [1m[36mActivity Load (0.7ms)[0m  [1m[34mSELECT "activities".* FROM "activities"[0m
  ↳ app/controllers/activities_controller.rb:4:in `index'
Completed 200 OK in 42ms (Views: 15.7ms | ActiveRecord: 2.8ms | Allocations: 5380)


Started GET "/" for ::1 at 2020-04-26 20:33:24 -0400
Processing by Rails::WelcomeController#index as HTML
  Rendering /home/charityparks/.rvm/gems/ruby-2.6.1/gems/railties-6.0.2.2/lib/rails/templates/rails/welcome/index.html.erb
  Rendered /home/charityparks/.rvm/gems/ruby-2.6.1/gems/railties-6.0.2.2/lib/rails/templates/rails/welcome/index.html.erb (Duration: 74.6ms | Allocations: 314)
Completed 200 OK in 205ms (Views: 136.4ms | ActiveRecord: 0.0ms | Allocations: 1585)


Started GET "/" for ::1 at 2020-04-26 20:36:34 -0400
Processing by Rails::WelcomeController#index as HTML
  Rendering /home/charityparks/.rvm/gems/ruby-2.6.1/gems/railties-6.0.2.2/lib/rails/templates/rails/welcome/index.html.erb
  Rendered /home/charityparks/.rvm/gems/ruby-2.6.1/gems/railties-6.0.2.2/lib/rails/templates/rails/welcome/index.html.erb (Duration: 15.1ms | Allocations: 196)
Completed 200 OK in 22ms (Views: 20.7ms | ActiveRecord: 0.0ms | Allocations: 734)


Started GET "/" for ::1 at 2020-04-26 20:36:36 -0400
Processing by Rails::WelcomeController#index as HTML
  Rendering /home/charityparks/.rvm/gems/ruby-2.6.1/gems/railties-6.0.2.2/lib/rails/templates/rails/welcome/index.html.erb
  Rendered /home/charityparks/.rvm/gems/ruby-2.6.1/gems/railties-6.0.2.2/lib/rails/templates/rails/welcome/index.html.erb (Duration: 0.7ms | Allocations: 8)
Completed 200 OK in 4ms (Views: 3.1ms | ActiveRecord: 0.0ms | Allocations: 237)


Started GET "/activities" for ::1 at 2020-04-26 20:55:55 -0400
  [1m[35m (1.2ms)[0m  [1m[34mSELECT sqlite_version(*)[0m
  [1m[35m (0.4ms)[0m  [1m[34mSELECT "schema_migrations"."version" FROM "schema_migrations" ORDER BY "schema_migrations"."version" ASC[0m
Processing by ActivitiesController#index as HTML
  [1m[36mActivity Load (0.5ms)[0m  [1m[34mSELECT "activities".* FROM "activities"[0m
  ↳ app/controllers/activities_controller.rb:4:in `index'
Completed 200 OK in 23ms (Views: 15.7ms | ActiveRecord: 4.0ms | Allocations: 5380)


Started GET "/activities" for ::1 at 2020-04-26 20:59:41 -0400
  [1m[35m (0.1ms)[0m  [1m[34mSELECT sqlite_version(*)[0m
Processing by ActivitiesController#index as HTML
  [1m[36mActivity Load (0.6ms)[0m  [1m[34mSELECT "activities".* FROM "activities"[0m
  ↳ app/controllers/activities_controller.rb:4:in `index'
Completed 200 OK in 332ms (Views: 233.2ms | ActiveRecord: 3.2ms | Allocations: 9359)


Started GET "/activities" for ::1 at 2020-04-26 21:08:50 -0400
  [1m[35m (0.3ms)[0m  [1m[34mSELECT sqlite_version(*)[0m
Processing by ActivitiesController#index as HTML
  [1m[36mActivity Load (0.6ms)[0m  [1m[34mSELECT "activities".* FROM "activities"[0m
  ↳ app/controllers/activities_controller.rb:4:in `index'
Completed 200 OK in 6ms (Views: 4.7ms | ActiveRecord: 0.6ms | Allocations: 1612)


  [1m[35m (0.9ms)[0m  [1m[34mSELECT sqlite_version(*)[0m
  [1m[35m (0.4ms)[0m  [1m[34mSELECT "schema_migrations"."version" FROM "schema_migrations" ORDER BY "schema_migrations"."version" ASC[0m
  [1m[35m (0.1ms)[0m  [1m[34mSELECT sqlite_version(*)[0m
  [1m[36mCategory Load (0.6ms)[0m  [1m[34mSELECT "categories".* FROM "categories"[0m
  [1m[36mActivity Load (0.4ms)[0m  [1m[34mSELECT "activities".* FROM "activities"[0m
  [1m[35m (0.1ms)[0m  [1m[36mbegin transaction[0m
  [1m[36mActivity Destroy (1.9ms)[0m  [1m[31mDELETE FROM "activities" WHERE "activities"."id" = ?[0m  [["id", 1]]
  [1m[35m (10.5ms)[0m  [1m[36mcommit transaction[0m
  [1m[35m (0.1ms)[0m  [1m[36mbegin transaction[0m
  [1m[36mActivity Destroy (1.6ms)[0m  [1m[31mDELETE FROM "activities" WHERE "activities"."id" = ?[0m  [["id", 2]]
  [1m[35m (12.2ms)[0m  [1m[36mcommit transaction[0m
  [1m[35m (0.1ms)[0m  [1m[36mbegin transaction[0m
  [1m[36mActivity Destroy (1.9ms)[0m  [1m[31mDELETE FROM "activities" WHERE "activities"."id" = ?[0m  [["id", 3]]
  [1m[35m (10.9ms)[0m  [1m[36mcommit transaction[0m
  [1m[35m (0.1ms)[0m  [1m[36mbegin transaction[0m
  [1m[36mActivity Destroy (1.7ms)[0m  [1m[31mDELETE FROM "activities" WHERE "activities"."id" = ?[0m  [["id", 4]]
  [1m[35m (12.4ms)[0m  [1m[36mcommit transaction[0m
  [1m[35m (0.1ms)[0m  [1m[36mbegin transaction[0m
  [1m[36mActivity Destroy (1.6ms)[0m  [1m[31mDELETE FROM "activities" WHERE "activities"."id" = ?[0m  [["id", 5]]
  [1m[35m (15.8ms)[0m  [1m[36mcommit transaction[0m
  [1m[35m (0.1ms)[0m  [1m[36mbegin transaction[0m
  [1m[36mActivity Destroy (1.0ms)[0m  [1m[31mDELETE FROM "activities" WHERE "activities"."id" = ?[0m  [["id", 6]]
  [1m[35m (9.9ms)[0m  [1m[36mcommit transaction[0m
  [1m[35m (0.2ms)[0m  [1m[36mbegin transaction[0m
  [1m[36mCategory Create (1.3ms)[0m  [1m[32mINSERT INTO "categories" ("name", "created_at", "updated_at") VALUES (?, ?, ?)[0m  [["name", "health"], ["created_at", "2020-04-27 01:09:53.476723"], ["updated_at", "2020-04-27 01:09:53.476723"]]
  [1m[35m (11.4ms)[0m  [1m[36mcommit transaction[0m
  [1m[35m (0.1ms)[0m  [1m[36mbegin transaction[0m
  [1m[36mCategory Create (2.4ms)[0m  [1m[32mINSERT INTO "categories" ("name", "created_at", "updated_at") VALUES (?, ?, ?)[0m  [["name", "fitness"], ["created_at", "2020-04-27 01:09:53.496119"], ["updated_at", "2020-04-27 01:09:53.496119"]]
  [1m[35m (12.1ms)[0m  [1m[36mcommit transaction[0m
  [1m[35m (0.1ms)[0m  [1m[36mbegin transaction[0m
  [1m[36mCategory Create (1.8ms)[0m  [1m[32mINSERT INTO "categories" ("name", "created_at", "updated_at") VALUES (?, ?, ?)[0m  [["name", "travel"], ["created_at", "2020-04-27 01:09:53.517051"], ["updated_at", "2020-04-27 01:09:53.517051"]]
  [1m[35m (11.9ms)[0m  [1m[36mcommit transaction[0m
  [1m[35m (0.1ms)[0m  [1m[36mbegin transaction[0m
  [1m[36mCategory Create (1.8ms)[0m  [1m[32mINSERT INTO "categories" ("name", "created_at", "updated_at") VALUES (?, ?, ?)[0m  [["name", "finance"], ["created_at", "2020-04-27 01:09:53.538239"], ["updated_at", "2020-04-27 01:09:53.538239"]]
  [1m[35m (10.0ms)[0m  [1m[36mcommit transaction[0m
  [1m[35m (0.1ms)[0m  [1m[36mbegin transaction[0m
  [1m[36mCategory Create (1.3ms)[0m  [1m[32mINSERT INTO "categories" ("name", "created_at", "updated_at") VALUES (?, ?, ?)[0m  [["name", "entertainment"], ["created_at", "2020-04-27 01:09:53.556030"], ["updated_at", "2020-04-27 01:09:53.556030"]]
  [1m[35m (12.5ms)[0m  [1m[36mcommit transaction[0m
  [1m[35m (0.1ms)[0m  [1m[36mbegin transaction[0m
  [1m[36mCategory Create (1.5ms)[0m  [1m[32mINSERT INTO "categories" ("name", "created_at", "updated_at") VALUES (?, ?, ?)[0m  [["name", "wellbeing"], ["created_at", "2020-04-27 01:09:53.574805"], ["updated_at", "2020-04-27 01:09:53.574805"]]
  [1m[35m (12.3ms)[0m  [1m[36mcommit transaction[0m
  [1m[35m (0.1ms)[0m  [1m[36mbegin transaction[0m
  [1m[36mActivity Create (1.9ms)[0m  [1m[32mINSERT INTO "activities" ("name", "category_id", "created_at", "updated_at") VALUES (?, ?, ?, ?)[0m  [["name", "walking"], ["category_id", 2], ["created_at", "2020-04-27 01:09:53.598027"], ["updated_at", "2020-04-27 01:09:53.598027"]]
  [1m[35m (11.0ms)[0m  [1m[36mcommit transaction[0m
  [1m[35m (0.1ms)[0m  [1m[36mbegin transaction[0m
  [1m[36mActivity Create (1.5ms)[0m  [1m[32mINSERT INTO "activities" ("name", "category_id", "created_at", "updated_at") VALUES (?, ?, ?, ?)[0m  [["name", "Yoga"], ["category_id", 2], ["created_at", "2020-04-27 01:09:53.617646"], ["updated_at", "2020-04-27 01:09:53.617646"]]
  [1m[35m (12.7ms)[0m  [1m[36mcommit transaction[0m
  [1m[35m (0.1ms)[0m  [1m[36mbegin transaction[0m
  [1m[36mActivity Create (1.6ms)[0m  [1m[32mINSERT INTO "activities" ("name", "category_id", "created_at", "updated_at") VALUES (?, ?, ?, ?)[0m  [["name", "reading"], ["category_id", 6], ["created_at", "2020-04-27 01:09:53.637062"], ["updated_at", "2020-04-27 01:09:53.637062"]]
  [1m[35m (10.5ms)[0m  [1m[36mcommit transaction[0m
  [1m[35m (0.1ms)[0m  [1m[36mbegin transaction[0m
  [1m[36mActivity Create (1.8ms)[0m  [1m[32mINSERT INTO "activities" ("name", "category_id", "created_at", "updated_at") VALUES (?, ?, ?, ?)[0m  [["name", "saving"], ["category_id", 4], ["created_at", "2020-04-27 01:09:53.654978"], ["updated_at", "2020-04-27 01:09:53.654978"]]
  [1m[35m (11.2ms)[0m  [1m[36mcommit transaction[0m
  [1m[35m (0.1ms)[0m  [1m[36mbegin transaction[0m
  [1m[36mActivity Create (1.7ms)[0m  [1m[32mINSERT INTO "activities" ("name", "category_id", "created_at", "updated_at") VALUES (?, ?, ?, ?)[0m  [["name", "journaling"], ["category_id", 6], ["created_at", "2020-04-27 01:09:53.673217"], ["updated_at", "2020-04-27 01:09:53.673217"]]
  [1m[35m (12.6ms)[0m  [1m[36mcommit transaction[0m
  [1m[35m (0.1ms)[0m  [1m[36mbegin transaction[0m
  [1m[36mActivity Create (1.6ms)[0m  [1m[32mINSERT INTO "activities" ("name", "category_id", "created_at", "updated_at") VALUES (?, ?, ?, ?)[0m  [["name", "free-weights"], ["category_id", 2], ["created_at", "2020-04-27 01:09:53.693230"], ["updated_at", "2020-04-27 01:09:53.693230"]]
  [1m[35m (12.2ms)[0m  [1m[36mcommit transaction[0m
Started GET "/activities" for ::1 at 2020-04-26 21:10:07 -0400
  [1m[35m (1.4ms)[0m  [1m[34mSELECT sqlite_version(*)[0m
  [1m[35m (0.6ms)[0m  [1m[34mSELECT "schema_migrations"."version" FROM "schema_migrations" ORDER BY "schema_migrations"."version" ASC[0m
Processing by ActivitiesController#index as HTML
  [1m[36mActivity Load (0.5ms)[0m  [1m[34mSELECT "activities".* FROM "activities"[0m
  ↳ app/controllers/activities_controller.rb:4:in `index'
  [1m[36mCategory Load (0.6ms)[0m  [1m[34mSELECT "categories".* FROM "categories" WHERE "categories"."id" = ? LIMIT ?[0m  [["id", 2], ["LIMIT", 1]]
  ↳ app/controllers/activities_controller.rb:4:in `index'
  [1m[36mCACHE Category Load (0.0ms)[0m  [1m[34mSELECT "categories".* FROM "categories" WHERE "categories"."id" = ? LIMIT ?[0m  [["id", 2], ["LIMIT", 1]]
  ↳ app/controllers/activities_controller.rb:4:in `index'
  [1m[36mCategory Load (0.4ms)[0m  [1m[34mSELECT "categories".* FROM "categories" WHERE "categories"."id" = ? LIMIT ?[0m  [["id", 6], ["LIMIT", 1]]
  ↳ app/controllers/activities_controller.rb:4:in `index'
  [1m[36mCategory Load (0.4ms)[0m  [1m[34mSELECT "categories".* FROM "categories" WHERE "categories"."id" = ? LIMIT ?[0m  [["id", 4], ["LIMIT", 1]]
  ↳ app/controllers/activities_controller.rb:4:in `index'
  [1m[36mCACHE Category Load (0.0ms)[0m  [1m[34mSELECT "categories".* FROM "categories" WHERE "categories"."id" = ? LIMIT ?[0m  [["id", 6], ["LIMIT", 1]]
  ↳ app/controllers/activities_controller.rb:4:in `index'
  [1m[36mCACHE Category Load (0.1ms)[0m  [1m[34mSELECT "categories".* FROM "categories" WHERE "categories"."id" = ? LIMIT ?[0m  [["id", 2], ["LIMIT", 1]]
  ↳ app/controllers/activities_controller.rb:4:in `index'
Completed 200 OK in 157ms (Views: 144.3ms | ActiveRecord: 5.1ms | Allocations: 17302)


Started GET "/activities" for ::1 at 2020-04-26 21:14:05 -0400
Processing by ActivitiesController#index as HTML
  [1m[36mActivity Load (0.7ms)[0m  [1m[34mSELECT "activities".* FROM "activities"[0m
  ↳ app/controllers/activities_controller.rb:4:in `index'
  [1m[36mCategory Load (0.7ms)[0m  [1m[34mSELECT "categories".* FROM "categories" WHERE "categories"."id" = ? LIMIT ?[0m  [["id", 2], ["LIMIT", 1]]
  ↳ app/controllers/activities_controller.rb:4:in `index'
  [1m[36mCACHE Category Load (0.0ms)[0m  [1m[34mSELECT "categories".* FROM "categories" WHERE "categories"."id" = ? LIMIT ?[0m  [["id", 2], ["LIMIT", 1]]
  ↳ app/controllers/activities_controller.rb:4:in `index'
  [1m[36mCategory Load (1.2ms)[0m  [1m[34mSELECT "categories".* FROM "categories" WHERE "categories"."id" = ? LIMIT ?[0m  [["id", 6], ["LIMIT", 1]]
  ↳ app/controllers/activities_controller.rb:4:in `index'
  [1m[36mCategory Load (0.6ms)[0m  [1m[34mSELECT "categories".* FROM "categories" WHERE "categories"."id" = ? LIMIT ?[0m  [["id", 4], ["LIMIT", 1]]
  ↳ app/controllers/activities_controller.rb:4:in `index'
  [1m[36mCACHE Category Load (0.0ms)[0m  [1m[34mSELECT "categories".* FROM "categories" WHERE "categories"."id" = ? LIMIT ?[0m  [["id", 6], ["LIMIT", 1]]
  ↳ app/controllers/activities_controller.rb:4:in `index'
  [1m[36mCACHE Category Load (0.0ms)[0m  [1m[34mSELECT "categories".* FROM "categories" WHERE "categories"."id" = ? LIMIT ?[0m  [["id", 2], ["LIMIT", 1]]
  ↳ app/controllers/activities_controller.rb:4:in `index'
Completed 200 OK in 42ms (Views: 38.1ms | ActiveRecord: 3.2ms | Allocations: 7385)


Started GET "/activities" for ::1 at 2020-04-27 19:49:42 -0400
  [1m[35m (0.3ms)[0m  [1m[34mSELECT sqlite_version(*)[0m
Processing by ActivitiesController#index as */*
  [1m[36mActivity Load (0.3ms)[0m  [1m[34mSELECT "activities".* FROM "activities"[0m
  ↳ app/controllers/activities_controller.rb:4:in `index'
  [1m[36mCategory Load (0.3ms)[0m  [1m[34mSELECT "categories".* FROM "categories" WHERE "categories"."id" = ? LIMIT ?[0m  [["id", 2], ["LIMIT", 1]]
  ↳ app/controllers/activities_controller.rb:4:in `index'
  [1m[36mCACHE Category Load (0.0ms)[0m  [1m[34mSELECT "categories".* FROM "categories" WHERE "categories"."id" = ? LIMIT ?[0m  [["id", 2], ["LIMIT", 1]]
  ↳ app/controllers/activities_controller.rb:4:in `index'
  [1m[36mCategory Load (0.3ms)[0m  [1m[34mSELECT "categories".* FROM "categories" WHERE "categories"."id" = ? LIMIT ?[0m  [["id", 6], ["LIMIT", 1]]
  ↳ app/controllers/activities_controller.rb:4:in `index'
  [1m[36mCategory Load (0.2ms)[0m  [1m[34mSELECT "categories".* FROM "categories" WHERE "categories"."id" = ? LIMIT ?[0m  [["id", 4], ["LIMIT", 1]]
  ↳ app/controllers/activities_controller.rb:4:in `index'
  [1m[36mCACHE Category Load (0.0ms)[0m  [1m[34mSELECT "categories".* FROM "categories" WHERE "categories"."id" = ? LIMIT ?[0m  [["id", 6], ["LIMIT", 1]]
  ↳ app/controllers/activities_controller.rb:4:in `index'
  [1m[36mCACHE Category Load (0.0ms)[0m  [1m[34mSELECT "categories".* FROM "categories" WHERE "categories"."id" = ? LIMIT ?[0m  [["id", 2], ["LIMIT", 1]]
  ↳ app/controllers/activities_controller.rb:4:in `index'
Completed 200 OK in 54ms (Views: 52.8ms | ActiveRecord: 1.2ms | Allocations: 7412)


Started GET "/activities" for ::1 at 2020-04-27 19:51:44 -0400
  [1m[35m (13.3ms)[0m  [1m[34mSELECT sqlite_version(*)[0m
  [1m[35m (0.2ms)[0m  [1m[34mSELECT "schema_migrations"."version" FROM "schema_migrations" ORDER BY "schema_migrations"."version" ASC[0m
Processing by ActivitiesController#index as */*
  [1m[36mActivity Load (0.3ms)[0m  [1m[34mSELECT "activities".* FROM "activities"[0m
  ↳ app/controllers/activities_controller.rb:4:in `index'
  [1m[36mCategory Load (0.3ms)[0m  [1m[34mSELECT "categories".* FROM "categories" WHERE "categories"."id" = ? LIMIT ?[0m  [["id", 2], ["LIMIT", 1]]
  ↳ app/controllers/activities_controller.rb:4:in `index'
  [1m[36mCACHE Category Load (0.0ms)[0m  [1m[34mSELECT "categories".* FROM "categories" WHERE "categories"."id" = ? LIMIT ?[0m  [["id", 2], ["LIMIT", 1]]
  ↳ app/controllers/activities_controller.rb:4:in `index'
  [1m[36mCategory Load (0.3ms)[0m  [1m[34mSELECT "categories".* FROM "categories" WHERE "categories"."id" = ? LIMIT ?[0m  [["id", 6], ["LIMIT", 1]]
  ↳ app/controllers/activities_controller.rb:4:in `index'
  [1m[36mCategory Load (0.2ms)[0m  [1m[34mSELECT "categories".* FROM "categories" WHERE "categories"."id" = ? LIMIT ?[0m  [["id", 4], ["LIMIT", 1]]
  ↳ app/controllers/activities_controller.rb:4:in `index'
  [1m[36mCACHE Category Load (0.0ms)[0m  [1m[34mSELECT "categories".* FROM "categories" WHERE "categories"."id" = ? LIMIT ?[0m  [["id", 6], ["LIMIT", 1]]
  ↳ app/controllers/activities_controller.rb:4:in `index'
  [1m[36mCACHE Category Load (0.0ms)[0m  [1m[34mSELECT "categories".* FROM "categories" WHERE "categories"."id" = ? LIMIT ?[0m  [["id", 2], ["LIMIT", 1]]
  ↳ app/controllers/activities_controller.rb:4:in `index'
Completed 200 OK in 178ms (Views: 134.5ms | ActiveRecord: 2.6ms | Allocations: 16744)


Started GET "/activities" for ::1 at 2020-04-27 19:51:55 -0400
Processing by ActivitiesController#index as */*
  [1m[36mActivity Load (0.5ms)[0m  [1m[34mSELECT "activities".* FROM "activities"[0m
  ↳ app/controllers/activities_controller.rb:4:in `index'
  [1m[36mCategory Load (0.3ms)[0m  [1m[34mSELECT "categories".* FROM "categories" WHERE "categories"."id" = ? LIMIT ?[0m  [["id", 2], ["LIMIT", 1]]
  ↳ app/controllers/activities_controller.rb:4:in `index'
  [1m[36mCACHE Category Load (0.0ms)[0m  [1m[34mSELECT "categories".* FROM "categories" WHERE "categories"."id" = ? LIMIT ?[0m  [["id", 2], ["LIMIT", 1]]
  ↳ app/controllers/activities_controller.rb:4:in `index'
  [1m[36mCategory Load (0.5ms)[0m  [1m[34mSELECT "categories".* FROM "categories" WHERE "categories"."id" = ? LIMIT ?[0m  [["id", 6], ["LIMIT", 1]]
  ↳ app/controllers/activities_controller.rb:4:in `index'
  [1m[36mCategory Load (0.4ms)[0m  [1m[34mSELECT "categories".* FROM "categories" WHERE "categories"."id" = ? LIMIT ?[0m  [["id", 4], ["LIMIT", 1]]
  ↳ app/controllers/activities_controller.rb:4:in `index'
  [1m[36mCACHE Category Load (0.0ms)[0m  [1m[34mSELECT "categories".* FROM "categories" WHERE "categories"."id" = ? LIMIT ?[0m  [["id", 6], ["LIMIT", 1]]
  ↳ app/controllers/activities_controller.rb:4:in `index'
  [1m[36mCACHE Category Load (0.0ms)[0m  [1m[34mSELECT "categories".* FROM "categories" WHERE "categories"."id" = ? LIMIT ?[0m  [["id", 2], ["LIMIT", 1]]
  ↳ app/controllers/activities_controller.rb:4:in `index'
Completed 200 OK in 30ms (Views: 27.8ms | ActiveRecord: 1.7ms | Allocations: 7386)


Started GET "/activities" for ::1 at 2020-04-27 19:53:34 -0400
Processing by ActivitiesController#index as HTML
  [1m[36mActivity Load (0.3ms)[0m  [1m[34mSELECT "activities".* FROM "activities"[0m
  ↳ app/controllers/activities_controller.rb:4:in `index'
  [1m[36mCategory Load (0.4ms)[0m  [1m[34mSELECT "categories".* FROM "categories" WHERE "categories"."id" = ? LIMIT ?[0m  [["id", 2], ["LIMIT", 1]]
  ↳ app/controllers/activities_controller.rb:4:in `index'
  [1m[36mCACHE Category Load (0.0ms)[0m  [1m[34mSELECT "categories".* FROM "categories" WHERE "categories"."id" = ? LIMIT ?[0m  [["id", 2], ["LIMIT", 1]]
  ↳ app/controllers/activities_controller.rb:4:in `index'
  [1m[36mCategory Load (0.2ms)[0m  [1m[34mSELECT "categories".* FROM "categories" WHERE "categories"."id" = ? LIMIT ?[0m  [["id", 6], ["LIMIT", 1]]
  ↳ app/controllers/activities_controller.rb:4:in `index'
  [1m[36mCategory Load (0.4ms)[0m  [1m[34mSELECT "categories".* FROM "categories" WHERE "categories"."id" = ? LIMIT ?[0m  [["id", 4], ["LIMIT", 1]]
  ↳ app/controllers/activities_controller.rb:4:in `index'
  [1m[36mCACHE Category Load (0.0ms)[0m  [1m[34mSELECT "categories".* FROM "categories" WHERE "categories"."id" = ? LIMIT ?[0m  [["id", 6], ["LIMIT", 1]]
  ↳ app/controllers/activities_controller.rb:4:in `index'
  [1m[36mCACHE Category Load (0.0ms)[0m  [1m[34mSELECT "categories".* FROM "categories" WHERE "categories"."id" = ? LIMIT ?[0m  [["id", 2], ["LIMIT", 1]]
  ↳ app/controllers/activities_controller.rb:4:in `index'
Completed 200 OK in 32ms (Views: 30.2ms | ActiveRecord: 1.3ms | Allocations: 7386)


Started GET "/activities" for ::1 at 2020-04-27 19:53:35 -0400
Processing by ActivitiesController#index as HTML
  [1m[36mActivity Load (1.0ms)[0m  [1m[34mSELECT "activities".* FROM "activities"[0m
  ↳ app/controllers/activities_controller.rb:4:in `index'
  [1m[36mCategory Load (0.3ms)[0m  [1m[34mSELECT "categories".* FROM "categories" WHERE "categories"."id" = ? LIMIT ?[0m  [["id", 2], ["LIMIT", 1]]
  ↳ app/controllers/activities_controller.rb:4:in `index'
  [1m[36mCACHE Category Load (0.0ms)[0m  [1m[34mSELECT "categories".* FROM "categories" WHERE "categories"."id" = ? LIMIT ?[0m  [["id", 2], ["LIMIT", 1]]
  ↳ app/controllers/activities_controller.rb:4:in `index'
  [1m[36mCategory Load (0.3ms)[0m  [1m[34mSELECT "categories".* FROM "categories" WHERE "categories"."id" = ? LIMIT ?[0m  [["id", 6], ["LIMIT", 1]]
  ↳ app/controllers/activities_controller.rb:4:in `index'
  [1m[36mCategory Load (1.7ms)[0m  [1m[34mSELECT "categories".* FROM "categories" WHERE "categories"."id" = ? LIMIT ?[0m  [["id", 4], ["LIMIT", 1]]
  ↳ app/controllers/activities_controller.rb:4:in `index'
  [1m[36mCACHE Category Load (0.0ms)[0m  [1m[34mSELECT "categories".* FROM "categories" WHERE "categories"."id" = ? LIMIT ?[0m  [["id", 6], ["LIMIT", 1]]
  ↳ app/controllers/activities_controller.rb:4:in `index'
  [1m[36mCACHE Category Load (0.0ms)[0m  [1m[34mSELECT "categories".* FROM "categories" WHERE "categories"."id" = ? LIMIT ?[0m  [["id", 2], ["LIMIT", 1]]
  ↳ app/controllers/activities_controller.rb:4:in `index'
Completed 200 OK in 40ms (Views: 36.4ms | ActiveRecord: 3.4ms | Allocations: 7385)


Started GET "/activities" for ::1 at 2020-04-27 19:53:37 -0400
Processing by ActivitiesController#index as HTML
  [1m[36mActivity Load (0.4ms)[0m  [1m[34mSELECT "activities".* FROM "activities"[0m
  ↳ app/controllers/activities_controller.rb:4:in `index'
  [1m[36mCategory Load (0.5ms)[0m  [1m[34mSELECT "categories".* FROM "categories" WHERE "categories"."id" = ? LIMIT ?[0m  [["id", 2], ["LIMIT", 1]]
  ↳ app/controllers/activities_controller.rb:4:in `index'
  [1m[36mCACHE Category Load (0.0ms)[0m  [1m[34mSELECT "categories".* FROM "categories" WHERE "categories"."id" = ? LIMIT ?[0m  [["id", 2], ["LIMIT", 1]]
  ↳ app/controllers/activities_controller.rb:4:in `index'
  [1m[36mCategory Load (0.9ms)[0m  [1m[34mSELECT "categories".* FROM "categories" WHERE "categories"."id" = ? LIMIT ?[0m  [["id", 6], ["LIMIT", 1]]
  ↳ app/controllers/activities_controller.rb:4:in `index'
  [1m[36mCategory Load (0.4ms)[0m  [1m[34mSELECT "categories".* FROM "categories" WHERE "categories"."id" = ? LIMIT ?[0m  [["id", 4], ["LIMIT", 1]]
  ↳ app/controllers/activities_controller.rb:4:in `index'
  [1m[36mCACHE Category Load (0.0ms)[0m  [1m[34mSELECT "categories".* FROM "categories" WHERE "categories"."id" = ? LIMIT ?[0m  [["id", 6], ["LIMIT", 1]]
  ↳ app/controllers/activities_controller.rb:4:in `index'
  [1m[36mCACHE Category Load (0.1ms)[0m  [1m[34mSELECT "categories".* FROM "categories" WHERE "categories"."id" = ? LIMIT ?[0m  [["id", 2], ["LIMIT", 1]]
  ↳ app/controllers/activities_controller.rb:4:in `index'
Completed 200 OK in 114ms (Views: 111.9ms | ActiveRecord: 2.2ms | Allocations: 7388)


Started GET "/activities" for ::1 at 2020-04-27 19:54:01 -0400
Processing by ActivitiesController#index as */*
  [1m[36mActivity Load (0.2ms)[0m  [1m[34mSELECT "activities".* FROM "activities"[0m
  ↳ app/controllers/activities_controller.rb:4:in `index'
  [1m[36mCategory Load (0.3ms)[0m  [1m[34mSELECT "categories".* FROM "categories" WHERE "categories"."id" = ? LIMIT ?[0m  [["id", 2], ["LIMIT", 1]]
  ↳ app/controllers/activities_controller.rb:4:in `index'
  [1m[36mCACHE Category Load (0.0ms)[0m  [1m[34mSELECT "categories".* FROM "categories" WHERE "categories"."id" = ? LIMIT ?[0m  [["id", 2], ["LIMIT", 1]]
  ↳ app/controllers/activities_controller.rb:4:in `index'
  [1m[36mCategory Load (0.4ms)[0m  [1m[34mSELECT "categories".* FROM "categories" WHERE "categories"."id" = ? LIMIT ?[0m  [["id", 6], ["LIMIT", 1]]
  ↳ app/controllers/activities_controller.rb:4:in `index'
  [1m[36mCategory Load (0.3ms)[0m  [1m[34mSELECT "categories".* FROM "categories" WHERE "categories"."id" = ? LIMIT ?[0m  [["id", 4], ["LIMIT", 1]]
  ↳ app/controllers/activities_controller.rb:4:in `index'
  [1m[36mCACHE Category Load (0.1ms)[0m  [1m[34mSELECT "categories".* FROM "categories" WHERE "categories"."id" = ? LIMIT ?[0m  [["id", 6], ["LIMIT", 1]]
  ↳ app/controllers/activities_controller.rb:4:in `index'
  [1m[36mCACHE Category Load (0.0ms)[0m  [1m[34mSELECT "categories".* FROM "categories" WHERE "categories"."id" = ? LIMIT ?[0m  [["id", 2], ["LIMIT", 1]]
  ↳ app/controllers/activities_controller.rb:4:in `index'
Completed 200 OK in 25ms (Views: 23.2ms | ActiveRecord: 1.3ms | Allocations: 7367)


Started GET "/activities" for ::1 at 2020-04-27 19:54:15 -0400
  [1m[35m (0.7ms)[0m  [1m[34mSELECT sqlite_version(*)[0m
  [1m[35m (0.2ms)[0m  [1m[34mSELECT "schema_migrations"."version" FROM "schema_migrations" ORDER BY "schema_migrations"."version" ASC[0m
Processing by ActivitiesController#index as */*
  [1m[36mActivity Load (0.3ms)[0m  [1m[34mSELECT "activities".* FROM "activities"[0m
  ↳ app/controllers/activities_controller.rb:4:in `index'
  [1m[36mCategory Load (0.3ms)[0m  [1m[34mSELECT "categories".* FROM "categories" WHERE "categories"."id" = ? LIMIT ?[0m  [["id", 2], ["LIMIT", 1]]
  ↳ app/controllers/activities_controller.rb:4:in `index'
  [1m[36mCACHE Category Load (0.0ms)[0m  [1m[34mSELECT "categories".* FROM "categories" WHERE "categories"."id" = ? LIMIT ?[0m  [["id", 2], ["LIMIT", 1]]
  ↳ app/controllers/activities_controller.rb:4:in `index'
  [1m[36mCategory Load (0.7ms)[0m  [1m[34mSELECT "categories".* FROM "categories" WHERE "categories"."id" = ? LIMIT ?[0m  [["id", 6], ["LIMIT", 1]]
  ↳ app/controllers/activities_controller.rb:4:in `index'
  [1m[36mCategory Load (0.5ms)[0m  [1m[34mSELECT "categories".* FROM "categories" WHERE "categories"."id" = ? LIMIT ?[0m  [["id", 4], ["LIMIT", 1]]
  ↳ app/controllers/activities_controller.rb:4:in `index'
  [1m[36mCACHE Category Load (0.0ms)[0m  [1m[34mSELECT "categories".* FROM "categories" WHERE "categories"."id" = ? LIMIT ?[0m  [["id", 6], ["LIMIT", 1]]
  ↳ app/controllers/activities_controller.rb:4:in `index'
  [1m[36mCACHE Category Load (0.0ms)[0m  [1m[34mSELECT "categories".* FROM "categories" WHERE "categories"."id" = ? LIMIT ?[0m  [["id", 2], ["LIMIT", 1]]
  ↳ app/controllers/activities_controller.rb:4:in `index'
Completed 200 OK in 59ms (Views: 50.9ms | ActiveRecord: 3.4ms | Allocations: 16744)


  [1m[35m (1.7ms)[0m  [1m[34mSELECT sqlite_version(*)[0m
  [1m[35m (0.4ms)[0m  [1m[34mSELECT "schema_migrations"."version" FROM "schema_migrations" ORDER BY "schema_migrations"."version" ASC[0m
  [1m[35m (0.1ms)[0m  [1m[34mSELECT sqlite_version(*)[0m
  [1m[36mCategory Load (0.4ms)[0m  [1m[34mSELECT "categories".* FROM "categories"[0m
  [1m[35m (0.1ms)[0m  [1m[36mbegin transaction[0m
  [1m[36mCategory Destroy (2.4ms)[0m  [1m[31mDELETE FROM "categories" WHERE "categories"."id" = ?[0m  [["id", 1]]
  [1m[35m (12.4ms)[0m  [1m[36mcommit transaction[0m
  [1m[35m (0.1ms)[0m  [1m[36mbegin transaction[0m
  [1m[36mCategory Destroy (1.6ms)[0m  [1m[31mDELETE FROM "categories" WHERE "categories"."id" = ?[0m  [["id", 2]]
  [1m[35m (11.6ms)[0m  [1m[36mcommit transaction[0m
  [1m[35m (0.1ms)[0m  [1m[36mbegin transaction[0m
  [1m[36mCategory Destroy (1.9ms)[0m  [1m[31mDELETE FROM "categories" WHERE "categories"."id" = ?[0m  [["id", 3]]
  [1m[35m (12.2ms)[0m  [1m[36mcommit transaction[0m
  [1m[35m (0.1ms)[0m  [1m[36mbegin transaction[0m
  [1m[36mCategory Destroy (1.3ms)[0m  [1m[31mDELETE FROM "categories" WHERE "categories"."id" = ?[0m  [["id", 4]]
  [1m[35m (11.9ms)[0m  [1m[36mcommit transaction[0m
  [1m[35m (0.1ms)[0m  [1m[36mbegin transaction[0m
  [1m[36mCategory Destroy (1.8ms)[0m  [1m[31mDELETE FROM "categories" WHERE "categories"."id" = ?[0m  [["id", 5]]
  [1m[35m (12.2ms)[0m  [1m[36mcommit transaction[0m
  [1m[35m (0.1ms)[0m  [1m[36mbegin transaction[0m
  [1m[36mCategory Destroy (1.5ms)[0m  [1m[31mDELETE FROM "categories" WHERE "categories"."id" = ?[0m  [["id", 6]]
  [1m[35m (11.9ms)[0m  [1m[36mcommit transaction[0m
  [1m[36mActivity Load (0.5ms)[0m  [1m[34mSELECT "activities".* FROM "activities"[0m
  [1m[35m (0.1ms)[0m  [1m[36mbegin transaction[0m
  [1m[36mActivity Destroy (1.7ms)[0m  [1m[31mDELETE FROM "activities" WHERE "activities"."id" = ?[0m  [["id", 7]]
  [1m[35m (11.8ms)[0m  [1m[36mcommit transaction[0m
  [1m[35m (0.1ms)[0m  [1m[36mbegin transaction[0m
  [1m[36mActivity Destroy (1.6ms)[0m  [1m[31mDELETE FROM "activities" WHERE "activities"."id" = ?[0m  [["id", 8]]
  [1m[35m (12.8ms)[0m  [1m[36mcommit transaction[0m
  [1m[35m (0.1ms)[0m  [1m[36mbegin transaction[0m
  [1m[36mActivity Destroy (1.6ms)[0m  [1m[31mDELETE FROM "activities" WHERE "activities"."id" = ?[0m  [["id", 9]]
  [1m[35m (10.4ms)[0m  [1m[36mcommit transaction[0m
  [1m[35m (0.1ms)[0m  [1m[36mbegin transaction[0m
  [1m[36mActivity Destroy (1.6ms)[0m  [1m[31mDELETE FROM "activities" WHERE "activities"."id" = ?[0m  [["id", 10]]
  [1m[35m (12.4ms)[0m  [1m[36mcommit transaction[0m
  [1m[35m (0.1ms)[0m  [1m[36mbegin transaction[0m
  [1m[36mActivity Destroy (1.8ms)[0m  [1m[31mDELETE FROM "activities" WHERE "activities"."id" = ?[0m  [["id", 11]]
  [1m[35m (10.4ms)[0m  [1m[36mcommit transaction[0m
  [1m[35m (0.1ms)[0m  [1m[36mbegin transaction[0m
  [1m[36mActivity Destroy (1.5ms)[0m  [1m[31mDELETE FROM "activities" WHERE "activities"."id" = ?[0m  [["id", 12]]
  [1m[35m (13.8ms)[0m  [1m[36mcommit transaction[0m
  [1m[35m (0.1ms)[0m  [1m[36mbegin transaction[0m
  [1m[36mCategory Create (1.8ms)[0m  [1m[32mINSERT INTO "categories" ("name", "created_at", "updated_at") VALUES (?, ?, ?)[0m  [["name", "health"], ["created_at", "2020-04-28 20:15:58.423459"], ["updated_at", "2020-04-28 20:15:58.423459"]]
  [1m[35m (10.3ms)[0m  [1m[36mcommit transaction[0m
  [1m[35m (0.1ms)[0m  [1m[36mbegin transaction[0m
  [1m[36mCategory Create (1.5ms)[0m  [1m[32mINSERT INTO "categories" ("name", "created_at", "updated_at") VALUES (?, ?, ?)[0m  [["name", "fitness"], ["created_at", "2020-04-28 20:15:58.442050"], ["updated_at", "2020-04-28 20:15:58.442050"]]
  [1m[35m (13.1ms)[0m  [1m[36mcommit transaction[0m
  [1m[35m (0.1ms)[0m  [1m[36mbegin transaction[0m
  [1m[36mCategory Create (1.6ms)[0m  [1m[32mINSERT INTO "categories" ("name", "created_at", "updated_at") VALUES (?, ?, ?)[0m  [["name", "travel"], ["created_at", "2020-04-28 20:15:58.461642"], ["updated_at", "2020-04-28 20:15:58.461642"]]
  [1m[35m (12.0ms)[0m  [1m[36mcommit transaction[0m
  [1m[35m (0.1ms)[0m  [1m[36mbegin transaction[0m
  [1m[36mCategory Create (1.5ms)[0m  [1m[32mINSERT INTO "categories" ("name", "created_at", "updated_at") VALUES (?, ?, ?)[0m  [["name", "finance"], ["created_at", "2020-04-28 20:15:58.480947"], ["updated_at", "2020-04-28 20:15:58.480947"]]
  [1m[35m (11.6ms)[0m  [1m[36mcommit transaction[0m
  [1m[35m (0.1ms)[0m  [1m[36mbegin transaction[0m
  [1m[36mCategory Create (1.8ms)[0m  [1m[32mINSERT INTO "categories" ("name", "created_at", "updated_at") VALUES (?, ?, ?)[0m  [["name", "entertainment"], ["created_at", "2020-04-28 20:15:58.498834"], ["updated_at", "2020-04-28 20:15:58.498834"]]
  [1m[35m (11.2ms)[0m  [1m[36mcommit transaction[0m
  [1m[35m (0.1ms)[0m  [1m[36mbegin transaction[0m
  [1m[36mCategory Create (1.8ms)[0m  [1m[32mINSERT INTO "categories" ("name", "created_at", "updated_at") VALUES (?, ?, ?)[0m  [["name", "wellbeing"], ["created_at", "2020-04-28 20:15:58.516641"], ["updated_at", "2020-04-28 20:15:58.516641"]]
  [1m[35m (6.7ms)[0m  [1m[36mcommit transaction[0m
  [1m[35m (0.1ms)[0m  [1m[36mbegin transaction[0m
  [1m[36mActivity Create (1.6ms)[0m  [1m[32mINSERT INTO "activities" ("name", "category_id", "created_at", "updated_at") VALUES (?, ?, ?, ?)[0m  [["name", "walking"], ["category_id", 8], ["created_at", "2020-04-28 20:15:58.535445"], ["updated_at", "2020-04-28 20:15:58.535445"]]
  [1m[35m (13.6ms)[0m  [1m[36mcommit transaction[0m
  [1m[35m (0.1ms)[0m  [1m[36mbegin transaction[0m
  [1m[36mActivity Create (1.7ms)[0m  [1m[32mINSERT INTO "activities" ("name", "category_id", "created_at", "updated_at") VALUES (?, ?, ?, ?)[0m  [["name", "Yoga"], ["category_id", 8], ["created_at", "2020-04-28 20:15:58.556518"], ["updated_at", "2020-04-28 20:15:58.556518"]]
  [1m[35m (6.7ms)[0m  [1m[36mcommit transaction[0m
  [1m[35m (0.1ms)[0m  [1m[36mbegin transaction[0m
  [1m[36mActivity Create (1.9ms)[0m  [1m[32mINSERT INTO "activities" ("name", "category_id", "created_at", "updated_at") VALUES (?, ?, ?, ?)[0m  [["name", "reading"], ["category_id", 12], ["created_at", "2020-04-28 20:15:58.582310"], ["updated_at", "2020-04-28 20:15:58.582310"]]
  [1m[35m (12.7ms)[0m  [1m[36mcommit transaction[0m
  [1m[35m (0.1ms)[0m  [1m[36mbegin transaction[0m
  [1m[36mActivity Create (1.6ms)[0m  [1m[32mINSERT INTO "activities" ("name", "category_id", "created_at", "updated_at") VALUES (?, ?, ?, ?)[0m  [["name", "saving"], ["category_id", 10], ["created_at", "2020-04-28 20:15:58.602917"], ["updated_at", "2020-04-28 20:15:58.602917"]]
  [1m[35m (12.8ms)[0m  [1m[36mcommit transaction[0m
  [1m[35m (0.1ms)[0m  [1m[36mbegin transaction[0m
  [1m[36mActivity Create (1.4ms)[0m  [1m[32mINSERT INTO "activities" ("name", "category_id", "created_at", "updated_at") VALUES (?, ?, ?, ?)[0m  [["name", "journaling"], ["category_id", 12], ["created_at", "2020-04-28 20:15:58.622799"], ["updated_at", "2020-04-28 20:15:58.622799"]]
  [1m[35m (6.8ms)[0m  [1m[36mcommit transaction[0m
  [1m[35m (0.1ms)[0m  [1m[36mbegin transaction[0m
  [1m[36mActivity Create (1.6ms)[0m  [1m[32mINSERT INTO "activities" ("name", "category_id", "created_at", "updated_at") VALUES (?, ?, ?, ?)[0m  [["name", "free-weights"], ["category_id", 8], ["created_at", "2020-04-28 20:15:58.636791"], ["updated_at", "2020-04-28 20:15:58.636791"]]
  [1m[35m (11.8ms)[0m  [1m[36mcommit transaction[0m
Started GET "/activities" for ::1 at 2020-04-28 16:40:31 -0400
  [1m[35m (1.0ms)[0m  [1m[34mSELECT sqlite_version(*)[0m
  [1m[35m (0.6ms)[0m  [1m[34mSELECT "schema_migrations"."version" FROM "schema_migrations" ORDER BY "schema_migrations"."version" ASC[0m
Processing by ActivitiesController#index as */*
  [1m[36mActivity Load (1.0ms)[0m  [1m[34mSELECT "activities".* FROM "activities"[0m
  ↳ app/controllers/activities_controller.rb:4:in `index'
  [1m[36mCategory Load (0.6ms)[0m  [1m[34mSELECT "categories".* FROM "categories" WHERE "categories"."id" = ? LIMIT ?[0m  [["id", 8], ["LIMIT", 1]]
  ↳ app/controllers/activities_controller.rb:4:in `index'
  [1m[36mCACHE Category Load (0.0ms)[0m  [1m[34mSELECT "categories".* FROM "categories" WHERE "categories"."id" = ? LIMIT ?[0m  [["id", 8], ["LIMIT", 1]]
  ↳ app/controllers/activities_controller.rb:4:in `index'
  [1m[36mCategory Load (0.4ms)[0m  [1m[34mSELECT "categories".* FROM "categories" WHERE "categories"."id" = ? LIMIT ?[0m  [["id", 12], ["LIMIT", 1]]
  ↳ app/controllers/activities_controller.rb:4:in `index'
  [1m[36mCategory Load (0.5ms)[0m  [1m[34mSELECT "categories".* FROM "categories" WHERE "categories"."id" = ? LIMIT ?[0m  [["id", 10], ["LIMIT", 1]]
  ↳ app/controllers/activities_controller.rb:4:in `index'
  [1m[36mCACHE Category Load (0.0ms)[0m  [1m[34mSELECT "categories".* FROM "categories" WHERE "categories"."id" = ? LIMIT ?[0m  [["id", 12], ["LIMIT", 1]]
  ↳ app/controllers/activities_controller.rb:4:in `index'
  [1m[36mCACHE Category Load (0.0ms)[0m  [1m[34mSELECT "categories".* FROM "categories" WHERE "categories"."id" = ? LIMIT ?[0m  [["id", 8], ["LIMIT", 1]]
  ↳ app/controllers/activities_controller.rb:4:in `index'
Completed 200 OK in 93ms (Views: 77.8ms | ActiveRecord: 5.9ms | Allocations: 16777)


Started GET "/activities" for ::1 at 2020-04-28 16:40:33 -0400
Processing by ActivitiesController#index as */*
  [1m[36mActivity Load (0.7ms)[0m  [1m[34mSELECT "activities".* FROM "activities"[0m
  ↳ app/controllers/activities_controller.rb:4:in `index'
  [1m[36mCategory Load (0.5ms)[0m  [1m[34mSELECT "categories".* FROM "categories" WHERE "categories"."id" = ? LIMIT ?[0m  [["id", 8], ["LIMIT", 1]]
  ↳ app/controllers/activities_controller.rb:4:in `index'
  [1m[36mCACHE Category Load (0.0ms)[0m  [1m[34mSELECT "categories".* FROM "categories" WHERE "categories"."id" = ? LIMIT ?[0m  [["id", 8], ["LIMIT", 1]]
  ↳ app/controllers/activities_controller.rb:4:in `index'
  [1m[36mCategory Load (0.8ms)[0m  [1m[34mSELECT "categories".* FROM "categories" WHERE "categories"."id" = ? LIMIT ?[0m  [["id", 12], ["LIMIT", 1]]
  ↳ app/controllers/activities_controller.rb:4:in `index'
  [1m[36mCategory Load (0.5ms)[0m  [1m[34mSELECT "categories".* FROM "categories" WHERE "categories"."id" = ? LIMIT ?[0m  [["id", 10], ["LIMIT", 1]]
  ↳ app/controllers/activities_controller.rb:4:in `index'
  [1m[36mCACHE Category Load (0.0ms)[0m  [1m[34mSELECT "categories".* FROM "categories" WHERE "categories"."id" = ? LIMIT ?[0m  [["id", 12], ["LIMIT", 1]]
  ↳ app/controllers/activities_controller.rb:4:in `index'
  [1m[36mCACHE Category Load (0.0ms)[0m  [1m[34mSELECT "categories".* FROM "categories" WHERE "categories"."id" = ? LIMIT ?[0m  [["id", 8], ["LIMIT", 1]]
  ↳ app/controllers/activities_controller.rb:4:in `index'
Completed 200 OK in 39ms (Views: 35.4ms | ActiveRecord: 2.6ms | Allocations: 7386)


Started GET "/activities" for ::1 at 2020-04-28 16:58:29 -0400
  [1m[35m (0.3ms)[0m  [1m[34mSELECT sqlite_version(*)[0m
Processing by ActivitiesController#index as */*
  [1m[36mActivity Load (1.0ms)[0m  [1m[34mSELECT "activities".* FROM "activities"[0m
  ↳ app/controllers/activities_controller.rb:4:in `index'
  [1m[36mCategory Load (1.0ms)[0m  [1m[34mSELECT "categories".* FROM "categories" WHERE "categories"."id" = ? LIMIT ?[0m  [["id", 8], ["LIMIT", 1]]
  ↳ app/controllers/activities_controller.rb:4:in `index'
  [1m[36mCACHE Category Load (0.0ms)[0m  [1m[34mSELECT "categories".* FROM "categories" WHERE "categories"."id" = ? LIMIT ?[0m  [["id", 8], ["LIMIT", 1]]
  ↳ app/controllers/activities_controller.rb:4:in `index'
  [1m[36mCategory Load (0.9ms)[0m  [1m[34mSELECT "categories".* FROM "categories" WHERE "categories"."id" = ? LIMIT ?[0m  [["id", 12], ["LIMIT", 1]]
  ↳ app/controllers/activities_controller.rb:4:in `index'
  [1m[36mCategory Load (0.7ms)[0m  [1m[34mSELECT "categories".* FROM "categories" WHERE "categories"."id" = ? LIMIT ?[0m  [["id", 10], ["LIMIT", 1]]
  ↳ app/controllers/activities_controller.rb:4:in `index'
  [1m[36mCACHE Category Load (0.0ms)[0m  [1m[34mSELECT "categories".* FROM "categories" WHERE "categories"."id" = ? LIMIT ?[0m  [["id", 12], ["LIMIT", 1]]
  ↳ app/controllers/activities_controller.rb:4:in `index'
  [1m[36mCACHE Category Load (0.0ms)[0m  [1m[34mSELECT "categories".* FROM "categories" WHERE "categories"."id" = ? LIMIT ?[0m  [["id", 8], ["LIMIT", 1]]
  ↳ app/controllers/activities_controller.rb:4:in `index'
Completed 200 OK in 75ms (Views: 70.9ms | ActiveRecord: 3.7ms | Allocations: 7412)


Started GET "/activities" for ::1 at 2020-04-28 17:00:49 -0400
Processing by ActivitiesController#index as */*
  [1m[36mActivity Load (0.4ms)[0m  [1m[34mSELECT "activities".* FROM "activities"[0m
  ↳ app/controllers/activities_controller.rb:4:in `index'
  [1m[36mCategory Load (0.6ms)[0m  [1m[34mSELECT "categories".* FROM "categories" WHERE "categories"."id" = ? LIMIT ?[0m  [["id", 8], ["LIMIT", 1]]
  ↳ app/controllers/activities_controller.rb:4:in `index'
  [1m[36mCACHE Category Load (0.0ms)[0m  [1m[34mSELECT "categories".* FROM "categories" WHERE "categories"."id" = ? LIMIT ?[0m  [["id", 8], ["LIMIT", 1]]
  ↳ app/controllers/activities_controller.rb:4:in `index'
  [1m[36mCategory Load (0.9ms)[0m  [1m[34mSELECT "categories".* FROM "categories" WHERE "categories"."id" = ? LIMIT ?[0m  [["id", 12], ["LIMIT", 1]]
  ↳ app/controllers/activities_controller.rb:4:in `index'
  [1m[36mCategory Load (0.6ms)[0m  [1m[34mSELECT "categories".* FROM "categories" WHERE "categories"."id" = ? LIMIT ?[0m  [["id", 10], ["LIMIT", 1]]
  ↳ app/controllers/activities_controller.rb:4:in `index'
  [1m[36mCACHE Category Load (0.0ms)[0m  [1m[34mSELECT "categories".* FROM "categories" WHERE "categories"."id" = ? LIMIT ?[0m  [["id", 12], ["LIMIT", 1]]
  ↳ app/controllers/activities_controller.rb:4:in `index'
  [1m[36mCACHE Category Load (0.0ms)[0m  [1m[34mSELECT "categories".* FROM "categories" WHERE "categories"."id" = ? LIMIT ?[0m  [["id", 8], ["LIMIT", 1]]
  ↳ app/controllers/activities_controller.rb:4:in `index'
Completed 200 OK in 85ms (Views: 82.3ms | ActiveRecord: 2.6ms | Allocations: 7389)


Started GET "/activities" for ::1 at 2020-04-28 17:02:50 -0400
Processing by ActivitiesController#index as */*
  [1m[36mActivity Load (0.6ms)[0m  [1m[34mSELECT "activities".* FROM "activities"[0m
  ↳ app/controllers/activities_controller.rb:4:in `index'
  [1m[36mCategory Load (0.5ms)[0m  [1m[34mSELECT "categories".* FROM "categories" WHERE "categories"."id" = ? LIMIT ?[0m  [["id", 8], ["LIMIT", 1]]
  ↳ app/controllers/activities_controller.rb:4:in `index'
  [1m[36mCACHE Category Load (0.1ms)[0m  [1m[34mSELECT "categories".* FROM "categories" WHERE "categories"."id" = ? LIMIT ?[0m  [["id", 8], ["LIMIT", 1]]
  ↳ app/controllers/activities_controller.rb:4:in `index'
  [1m[36mCategory Load (0.7ms)[0m  [1m[34mSELECT "categories".* FROM "categories" WHERE "categories"."id" = ? LIMIT ?[0m  [["id", 12], ["LIMIT", 1]]
  ↳ app/controllers/activities_controller.rb:4:in `index'
  [1m[36mCategory Load (0.6ms)[0m  [1m[34mSELECT "categories".* FROM "categories" WHERE "categories"."id" = ? LIMIT ?[0m  [["id", 10], ["LIMIT", 1]]
  ↳ app/controllers/activities_controller.rb:4:in `index'
  [1m[36mCACHE Category Load (0.0ms)[0m  [1m[34mSELECT "categories".* FROM "categories" WHERE "categories"."id" = ? LIMIT ?[0m  [["id", 12], ["LIMIT", 1]]
  ↳ app/controllers/activities_controller.rb:4:in `index'
  [1m[36mCACHE Category Load (0.0ms)[0m  [1m[34mSELECT "categories".* FROM "categories" WHERE "categories"."id" = ? LIMIT ?[0m  [["id", 8], ["LIMIT", 1]]
  ↳ app/controllers/activities_controller.rb:4:in `index'
Completed 200 OK in 35ms (Views: 31.6ms | ActiveRecord: 2.4ms | Allocations: 7367)


Started GET "/activities" for ::1 at 2020-04-28 17:04:09 -0400
Processing by ActivitiesController#index as */*
  [1m[36mActivity Load (0.5ms)[0m  [1m[34mSELECT "activities".* FROM "activities"[0m
  ↳ app/controllers/activities_controller.rb:4:in `index'
  [1m[36mCategory Load (0.6ms)[0m  [1m[34mSELECT "categories".* FROM "categories" WHERE "categories"."id" = ? LIMIT ?[0m  [["id", 8], ["LIMIT", 1]]
  ↳ app/controllers/activities_controller.rb:4:in `index'
  [1m[36mCACHE Category Load (0.1ms)[0m  [1m[34mSELECT "categories".* FROM "categories" WHERE "categories"."id" = ? LIMIT ?[0m  [["id", 8], ["LIMIT", 1]]
  ↳ app/controllers/activities_controller.rb:4:in `index'
  [1m[36mCategory Load (0.6ms)[0m  [1m[34mSELECT "categories".* FROM "categories" WHERE "categories"."id" = ? LIMIT ?[0m  [["id", 12], ["LIMIT", 1]]
  ↳ app/controllers/activities_controller.rb:4:in `index'
  [1m[36mCategory Load (0.4ms)[0m  [1m[34mSELECT "categories".* FROM "categories" WHERE "categories"."id" = ? LIMIT ?[0m  [["id", 10], ["LIMIT", 1]]
  ↳ app/controllers/activities_controller.rb:4:in `index'
  [1m[36mCACHE Category Load (0.0ms)[0m  [1m[34mSELECT "categories".* FROM "categories" WHERE "categories"."id" = ? LIMIT ?[0m  [["id", 12], ["LIMIT", 1]]
  ↳ app/controllers/activities_controller.rb:4:in `index'
  [1m[36mCACHE Category Load (0.0ms)[0m  [1m[34mSELECT "categories".* FROM "categories" WHERE "categories"."id" = ? LIMIT ?[0m  [["id", 8], ["LIMIT", 1]]
  ↳ app/controllers/activities_controller.rb:4:in `index'
Completed 200 OK in 38ms (Views: 34.6ms | ActiveRecord: 2.3ms | Allocations: 7367)


Started GET "/activities" for ::1 at 2020-04-28 17:04:56 -0400
Processing by ActivitiesController#index as */*
  [1m[36mActivity Load (0.9ms)[0m  [1m[34mSELECT "activities".* FROM "activities"[0m
  ↳ app/controllers/activities_controller.rb:4:in `index'
  [1m[36mCategory Load (0.5ms)[0m  [1m[34mSELECT "categories".* FROM "categories" WHERE "categories"."id" = ? LIMIT ?[0m  [["id", 8], ["LIMIT", 1]]
  ↳ app/controllers/activities_controller.rb:4:in `index'
  [1m[36mCACHE Category Load (0.0ms)[0m  [1m[34mSELECT "categories".* FROM "categories" WHERE "categories"."id" = ? LIMIT ?[0m  [["id", 8], ["LIMIT", 1]]
  ↳ app/controllers/activities_controller.rb:4:in `index'
  [1m[36mCategory Load (0.8ms)[0m  [1m[34mSELECT "categories".* FROM "categories" WHERE "categories"."id" = ? LIMIT ?[0m  [["id", 12], ["LIMIT", 1]]
  ↳ app/controllers/activities_controller.rb:4:in `index'
  [1m[36mCategory Load (0.4ms)[0m  [1m[34mSELECT "categories".* FROM "categories" WHERE "categories"."id" = ? LIMIT ?[0m  [["id", 10], ["LIMIT", 1]]
  ↳ app/controllers/activities_controller.rb:4:in `index'
  [1m[36mCACHE Category Load (0.0ms)[0m  [1m[34mSELECT "categories".* FROM "categories" WHERE "categories"."id" = ? LIMIT ?[0m  [["id", 12], ["LIMIT", 1]]
  ↳ app/controllers/activities_controller.rb:4:in `index'
  [1m[36mCACHE Category Load (0.0ms)[0m  [1m[34mSELECT "categories".* FROM "categories" WHERE "categories"."id" = ? LIMIT ?[0m  [["id", 8], ["LIMIT", 1]]
  ↳ app/controllers/activities_controller.rb:4:in `index'
Completed 200 OK in 39ms (Views: 35.5ms | ActiveRecord: 2.7ms | Allocations: 7367)


Started GET "/activities" for ::1 at 2020-04-28 17:05:14 -0400
Processing by ActivitiesController#index as */*
  [1m[36mActivity Load (0.7ms)[0m  [1m[34mSELECT "activities".* FROM "activities"[0m
  ↳ app/controllers/activities_controller.rb:4:in `index'
  [1m[36mCategory Load (0.5ms)[0m  [1m[34mSELECT "categories".* FROM "categories" WHERE "categories"."id" = ? LIMIT ?[0m  [["id", 8], ["LIMIT", 1]]
  ↳ app/controllers/activities_controller.rb:4:in `index'
  [1m[36mCACHE Category Load (0.0ms)[0m  [1m[34mSELECT "categories".* FROM "categories" WHERE "categories"."id" = ? LIMIT ?[0m  [["id", 8], ["LIMIT", 1]]
  ↳ app/controllers/activities_controller.rb:4:in `index'
  [1m[36mCategory Load (0.4ms)[0m  [1m[34mSELECT "categories".* FROM "categories" WHERE "categories"."id" = ? LIMIT ?[0m  [["id", 12], ["LIMIT", 1]]
  ↳ app/controllers/activities_controller.rb:4:in `index'
  [1m[36mCategory Load (0.4ms)[0m  [1m[34mSELECT "categories".* FROM "categories" WHERE "categories"."id" = ? LIMIT ?[0m  [["id", 10], ["LIMIT", 1]]
  ↳ app/controllers/activities_controller.rb:4:in `index'
  [1m[36mCACHE Category Load (0.1ms)[0m  [1m[34mSELECT "categories".* FROM "categories" WHERE "categories"."id" = ? LIMIT ?[0m  [["id", 12], ["LIMIT", 1]]
  ↳ app/controllers/activities_controller.rb:4:in `index'
  [1m[36mCACHE Category Load (0.0ms)[0m  [1m[34mSELECT "categories".* FROM "categories" WHERE "categories"."id" = ? LIMIT ?[0m  [["id", 8], ["LIMIT", 1]]
  ↳ app/controllers/activities_controller.rb:4:in `index'
Completed 200 OK in 35ms (Views: 31.7ms | ActiveRecord: 2.1ms | Allocations: 7386)


Started GET "/activities" for ::1 at 2020-04-28 17:05:22 -0400
Processing by ActivitiesController#index as */*
  [1m[36mActivity Load (0.7ms)[0m  [1m[34mSELECT "activities".* FROM "activities"[0m
  ↳ app/controllers/activities_controller.rb:4:in `index'
  [1m[36mCategory Load (0.6ms)[0m  [1m[34mSELECT "categories".* FROM "categories" WHERE "categories"."id" = ? LIMIT ?[0m  [["id", 8], ["LIMIT", 1]]
  ↳ app/controllers/activities_controller.rb:4:in `index'
  [1m[36mCACHE Category Load (0.0ms)[0m  [1m[34mSELECT "categories".* FROM "categories" WHERE "categories"."id" = ? LIMIT ?[0m  [["id", 8], ["LIMIT", 1]]
  ↳ app/controllers/activities_controller.rb:4:in `index'
  [1m[36mCategory Load (0.6ms)[0m  [1m[34mSELECT "categories".* FROM "categories" WHERE "categories"."id" = ? LIMIT ?[0m  [["id", 12], ["LIMIT", 1]]
  ↳ app/controllers/activities_controller.rb:4:in `index'
  [1m[36mCategory Load (0.8ms)[0m  [1m[34mSELECT "categories".* FROM "categories" WHERE "categories"."id" = ? LIMIT ?[0m  [["id", 10], ["LIMIT", 1]]
  ↳ app/controllers/activities_controller.rb:4:in `index'
  [1m[36mCACHE Category Load (0.0ms)[0m  [1m[34mSELECT "categories".* FROM "categories" WHERE "categories"."id" = ? LIMIT ?[0m  [["id", 12], ["LIMIT", 1]]
  ↳ app/controllers/activities_controller.rb:4:in `index'
  [1m[36mCACHE Category Load (0.0ms)[0m  [1m[34mSELECT "categories".* FROM "categories" WHERE "categories"."id" = ? LIMIT ?[0m  [["id", 8], ["LIMIT", 1]]
  ↳ app/controllers/activities_controller.rb:4:in `index'
Completed 200 OK in 41ms (Views: 37.3ms | ActiveRecord: 2.8ms | Allocations: 7367)


Started GET "/activities" for ::1 at 2020-04-28 17:05:59 -0400
Processing by ActivitiesController#index as */*
  [1m[36mActivity Load (0.5ms)[0m  [1m[34mSELECT "activities".* FROM "activities"[0m
  ↳ app/controllers/activities_controller.rb:4:in `index'
  [1m[36mCategory Load (0.5ms)[0m  [1m[34mSELECT "categories".* FROM "categories" WHERE "categories"."id" = ? LIMIT ?[0m  [["id", 8], ["LIMIT", 1]]
  ↳ app/controllers/activities_controller.rb:4:in `index'
  [1m[36mCACHE Category Load (0.0ms)[0m  [1m[34mSELECT "categories".* FROM "categories" WHERE "categories"."id" = ? LIMIT ?[0m  [["id", 8], ["LIMIT", 1]]
  ↳ app/controllers/activities_controller.rb:4:in `index'
  [1m[36mCategory Load (0.6ms)[0m  [1m[34mSELECT "categories".* FROM "categories" WHERE "categories"."id" = ? LIMIT ?[0m  [["id", 12], ["LIMIT", 1]]
  ↳ app/controllers/activities_controller.rb:4:in `index'
  [1m[36mCategory Load (0.4ms)[0m  [1m[34mSELECT "categories".* FROM "categories" WHERE "categories"."id" = ? LIMIT ?[0m  [["id", 10], ["LIMIT", 1]]
  ↳ app/controllers/activities_controller.rb:4:in `index'
  [1m[36mCACHE Category Load (0.0ms)[0m  [1m[34mSELECT "categories".* FROM "categories" WHERE "categories"."id" = ? LIMIT ?[0m  [["id", 12], ["LIMIT", 1]]
  ↳ app/controllers/activities_controller.rb:4:in `index'
  [1m[36mCACHE Category Load (0.0ms)[0m  [1m[34mSELECT "categories".* FROM "categories" WHERE "categories"."id" = ? LIMIT ?[0m  [["id", 8], ["LIMIT", 1]]
  ↳ app/controllers/activities_controller.rb:4:in `index'
Completed 200 OK in 37ms (Views: 34.2ms | ActiveRecord: 2.0ms | Allocations: 7367)


Started GET "/activities" for ::1 at 2020-04-28 17:08:14 -0400
Processing by ActivitiesController#index as */*
  [1m[36mActivity Load (0.4ms)[0m  [1m[34mSELECT "activities".* FROM "activities"[0m
  ↳ app/controllers/activities_controller.rb:4:in `index'
  [1m[36mCategory Load (0.7ms)[0m  [1m[34mSELECT "categories".* FROM "categories" WHERE "categories"."id" = ? LIMIT ?[0m  [["id", 8], ["LIMIT", 1]]
  ↳ app/controllers/activities_controller.rb:4:in `index'
  [1m[36mCACHE Category Load (0.1ms)[0m  [1m[34mSELECT "categories".* FROM "categories" WHERE "categories"."id" = ? LIMIT ?[0m  [["id", 8], ["LIMIT", 1]]
  ↳ app/controllers/activities_controller.rb:4:in `index'
  [1m[36mCategory Load (0.4ms)[0m  [1m[34mSELECT "categories".* FROM "categories" WHERE "categories"."id" = ? LIMIT ?[0m  [["id", 12], ["LIMIT", 1]]
  ↳ app/controllers/activities_controller.rb:4:in `index'
  [1m[36mCategory Load (0.5ms)[0m  [1m[34mSELECT "categories".* FROM "categories" WHERE "categories"."id" = ? LIMIT ?[0m  [["id", 10], ["LIMIT", 1]]
  ↳ app/controllers/activities_controller.rb:4:in `index'
  [1m[36mCACHE Category Load (0.1ms)[0m  [1m[34mSELECT "categories".* FROM "categories" WHERE "categories"."id" = ? LIMIT ?[0m  [["id", 12], ["LIMIT", 1]]
  ↳ app/controllers/activities_controller.rb:4:in `index'
  [1m[36mCACHE Category Load (0.0ms)[0m  [1m[34mSELECT "categories".* FROM "categories" WHERE "categories"."id" = ? LIMIT ?[0m  [["id", 8], ["LIMIT", 1]]
  ↳ app/controllers/activities_controller.rb:4:in `index'
Completed 200 OK in 50ms (Views: 47.6ms | ActiveRecord: 2.1ms | Allocations: 7367)


Started GET "/activities" for ::1 at 2020-04-28 17:08:29 -0400
Processing by ActivitiesController#index as */*
  [1m[36mActivity Load (0.7ms)[0m  [1m[34mSELECT "activities".* FROM "activities"[0m
  ↳ app/controllers/activities_controller.rb:4:in `index'
  [1m[36mCategory Load (0.4ms)[0m  [1m[34mSELECT "categories".* FROM "categories" WHERE "categories"."id" = ? LIMIT ?[0m  [["id", 8], ["LIMIT", 1]]
  ↳ app/controllers/activities_controller.rb:4:in `index'
  [1m[36mCACHE Category Load (0.0ms)[0m  [1m[34mSELECT "categories".* FROM "categories" WHERE "categories"."id" = ? LIMIT ?[0m  [["id", 8], ["LIMIT", 1]]
  ↳ app/controllers/activities_controller.rb:4:in `index'
  [1m[36mCategory Load (0.6ms)[0m  [1m[34mSELECT "categories".* FROM "categories" WHERE "categories"."id" = ? LIMIT ?[0m  [["id", 12], ["LIMIT", 1]]
  ↳ app/controllers/activities_controller.rb:4:in `index'
  [1m[36mCategory Load (0.7ms)[0m  [1m[34mSELECT "categories".* FROM "categories" WHERE "categories"."id" = ? LIMIT ?[0m  [["id", 10], ["LIMIT", 1]]
  ↳ app/controllers/activities_controller.rb:4:in `index'
  [1m[36mCACHE Category Load (0.0ms)[0m  [1m[34mSELECT "categories".* FROM "categories" WHERE "categories"."id" = ? LIMIT ?[0m  [["id", 12], ["LIMIT", 1]]
  ↳ app/controllers/activities_controller.rb:4:in `index'
  [1m[36mCACHE Category Load (0.0ms)[0m  [1m[34mSELECT "categories".* FROM "categories" WHERE "categories"."id" = ? LIMIT ?[0m  [["id", 8], ["LIMIT", 1]]
  ↳ app/controllers/activities_controller.rb:4:in `index'
Completed 200 OK in 41ms (Views: 38.5ms | ActiveRecord: 2.5ms | Allocations: 7367)


Started GET "/activities" for ::1 at 2020-04-28 17:19:47 -0400
  [1m[35m (0.1ms)[0m  [1m[34mSELECT sqlite_version(*)[0m
Processing by ActivitiesController#index as */*
  [1m[36mActivity Load (0.6ms)[0m  [1m[34mSELECT "activities".* FROM "activities"[0m
  ↳ app/controllers/activities_controller.rb:4:in `index'
  [1m[36mCategory Load (0.9ms)[0m  [1m[34mSELECT "categories".* FROM "categories" WHERE "categories"."id" = ? LIMIT ?[0m  [["id", 8], ["LIMIT", 1]]
  ↳ app/controllers/activities_controller.rb:4:in `index'
  [1m[36mCACHE Category Load (0.0ms)[0m  [1m[34mSELECT "categories".* FROM "categories" WHERE "categories"."id" = ? LIMIT ?[0m  [["id", 8], ["LIMIT", 1]]
  ↳ app/controllers/activities_controller.rb:4:in `index'
  [1m[36mCategory Load (0.5ms)[0m  [1m[34mSELECT "categories".* FROM "categories" WHERE "categories"."id" = ? LIMIT ?[0m  [["id", 12], ["LIMIT", 1]]
  ↳ app/controllers/activities_controller.rb:4:in `index'
  [1m[36mCategory Load (0.7ms)[0m  [1m[34mSELECT "categories".* FROM "categories" WHERE "categories"."id" = ? LIMIT ?[0m  [["id", 10], ["LIMIT", 1]]
  ↳ app/controllers/activities_controller.rb:4:in `index'
  [1m[36mCACHE Category Load (0.0ms)[0m  [1m[34mSELECT "categories".* FROM "categories" WHERE "categories"."id" = ? LIMIT ?[0m  [["id", 12], ["LIMIT", 1]]
  ↳ app/controllers/activities_controller.rb:4:in `index'
  [1m[36mCACHE Category Load (0.0ms)[0m  [1m[34mSELECT "categories".* FROM "categories" WHERE "categories"."id" = ? LIMIT ?[0m  [["id", 8], ["LIMIT", 1]]
  ↳ app/controllers/activities_controller.rb:4:in `index'
Completed 200 OK in 42ms (Views: 38.4ms | ActiveRecord: 2.8ms | Allocations: 7398)


Started GET "/activities" for ::1 at 2020-04-28 17:26:08 -0400
  [1m[35m (0.2ms)[0m  [1m[34mSELECT sqlite_version(*)[0m
Processing by ActivitiesController#index as */*
  [1m[36mActivity Load (1.0ms)[0m  [1m[34mSELECT "activities".* FROM "activities"[0m
  ↳ app/controllers/activities_controller.rb:4:in `index'
  [1m[36mCategory Load (0.9ms)[0m  [1m[34mSELECT "categories".* FROM "categories" WHERE "categories"."id" = ? LIMIT ?[0m  [["id", 8], ["LIMIT", 1]]
  ↳ app/controllers/activities_controller.rb:4:in `index'
  [1m[36mCACHE Category Load (0.1ms)[0m  [1m[34mSELECT "categories".* FROM "categories" WHERE "categories"."id" = ? LIMIT ?[0m  [["id", 8], ["LIMIT", 1]]
  ↳ app/controllers/activities_controller.rb:4:in `index'
  [1m[36mCategory Load (0.6ms)[0m  [1m[34mSELECT "categories".* FROM "categories" WHERE "categories"."id" = ? LIMIT ?[0m  [["id", 12], ["LIMIT", 1]]
  ↳ app/controllers/activities_controller.rb:4:in `index'
  [1m[36mCategory Load (0.7ms)[0m  [1m[34mSELECT "categories".* FROM "categories" WHERE "categories"."id" = ? LIMIT ?[0m  [["id", 10], ["LIMIT", 1]]
  ↳ app/controllers/activities_controller.rb:4:in `index'
  [1m[36mCACHE Category Load (0.0ms)[0m  [1m[34mSELECT "categories".* FROM "categories" WHERE "categories"."id" = ? LIMIT ?[0m  [["id", 12], ["LIMIT", 1]]
  ↳ app/controllers/activities_controller.rb:4:in `index'
  [1m[36mCACHE Category Load (0.0ms)[0m  [1m[34mSELECT "categories".* FROM "categories" WHERE "categories"."id" = ? LIMIT ?[0m  [["id", 8], ["LIMIT", 1]]
  ↳ app/controllers/activities_controller.rb:4:in `index'
Completed 200 OK in 41ms (Views: 37.6ms | ActiveRecord: 3.3ms | Allocations: 7398)


Started GET "/activities" for ::1 at 2020-04-28 17:28:59 -0400
Processing by ActivitiesController#index as */*
  [1m[36mActivity Load (0.5ms)[0m  [1m[34mSELECT "activities".* FROM "activities"[0m
  ↳ app/controllers/activities_controller.rb:4:in `index'
  [1m[36mCategory Load (0.6ms)[0m  [1m[34mSELECT "categories".* FROM "categories" WHERE "categories"."id" = ? LIMIT ?[0m  [["id", 8], ["LIMIT", 1]]
  ↳ app/controllers/activities_controller.rb:4:in `index'
  [1m[36mCACHE Category Load (0.0ms)[0m  [1m[34mSELECT "categories".* FROM "categories" WHERE "categories"."id" = ? LIMIT ?[0m  [["id", 8], ["LIMIT", 1]]
  ↳ app/controllers/activities_controller.rb:4:in `index'
  [1m[36mCategory Load (0.5ms)[0m  [1m[34mSELECT "categories".* FROM "categories" WHERE "categories"."id" = ? LIMIT ?[0m  [["id", 12], ["LIMIT", 1]]
  ↳ app/controllers/activities_controller.rb:4:in `index'
  [1m[36mCategory Load (0.6ms)[0m  [1m[34mSELECT "categories".* FROM "categories" WHERE "categories"."id" = ? LIMIT ?[0m  [["id", 10], ["LIMIT", 1]]
  ↳ app/controllers/activities_controller.rb:4:in `index'
  [1m[36mCACHE Category Load (0.2ms)[0m  [1m[34mSELECT "categories".* FROM "categories" WHERE "categories"."id" = ? LIMIT ?[0m  [["id", 12], ["LIMIT", 1]]
  ↳ app/controllers/activities_controller.rb:4:in `index'
  [1m[36mCACHE Category Load (0.0ms)[0m  [1m[34mSELECT "categories".* FROM "categories" WHERE "categories"."id" = ? LIMIT ?[0m  [["id", 8], ["LIMIT", 1]]
  ↳ app/controllers/activities_controller.rb:4:in `index'
Completed 200 OK in 39ms (Views: 36.3ms | ActiveRecord: 2.5ms | Allocations: 7367)


Started GET "/activities" for ::1 at 2020-04-28 17:41:26 -0400
  [1m[35m (0.1ms)[0m  [1m[34mSELECT sqlite_version(*)[0m
Processing by ActivitiesController#index as */*
  [1m[36mActivity Load (0.7ms)[0m  [1m[34mSELECT "activities".* FROM "activities"[0m
  ↳ app/controllers/activities_controller.rb:4:in `index'
  [1m[36mCategory Load (0.5ms)[0m  [1m[34mSELECT "categories".* FROM "categories" WHERE "categories"."id" = ? LIMIT ?[0m  [["id", 8], ["LIMIT", 1]]
  ↳ app/controllers/activities_controller.rb:4:in `index'
  [1m[36mCACHE Category Load (0.0ms)[0m  [1m[34mSELECT "categories".* FROM "categories" WHERE "categories"."id" = ? LIMIT ?[0m  [["id", 8], ["LIMIT", 1]]
  ↳ app/controllers/activities_controller.rb:4:in `index'
  [1m[36mCategory Load (0.3ms)[0m  [1m[34mSELECT "categories".* FROM "categories" WHERE "categories"."id" = ? LIMIT ?[0m  [["id", 12], ["LIMIT", 1]]
  ↳ app/controllers/activities_controller.rb:4:in `index'
  [1m[36mCategory Load (0.4ms)[0m  [1m[34mSELECT "categories".* FROM "categories" WHERE "categories"."id" = ? LIMIT ?[0m  [["id", 10], ["LIMIT", 1]]
  ↳ app/controllers/activities_controller.rb:4:in `index'
  [1m[36mCACHE Category Load (0.0ms)[0m  [1m[34mSELECT "categories".* FROM "categories" WHERE "categories"."id" = ? LIMIT ?[0m  [["id", 12], ["LIMIT", 1]]
  ↳ app/controllers/activities_controller.rb:4:in `index'
  [1m[36mCACHE Category Load (0.0ms)[0m  [1m[34mSELECT "categories".* FROM "categories" WHERE "categories"."id" = ? LIMIT ?[0m  [["id", 8], ["LIMIT", 1]]
  ↳ app/controllers/activities_controller.rb:4:in `index'
Completed 200 OK in 27ms (Views: 24.8ms | ActiveRecord: 2.0ms | Allocations: 7398)


Started GET "/activities" for ::1 at 2020-04-28 17:42:08 -0400
Processing by ActivitiesController#index as */*
  [1m[36mActivity Load (0.3ms)[0m  [1m[34mSELECT "activities".* FROM "activities"[0m
  ↳ app/controllers/activities_controller.rb:4:in `index'
  [1m[36mCategory Load (0.3ms)[0m  [1m[34mSELECT "categories".* FROM "categories" WHERE "categories"."id" = ? LIMIT ?[0m  [["id", 8], ["LIMIT", 1]]
  ↳ app/controllers/activities_controller.rb:4:in `index'
  [1m[36mCACHE Category Load (0.0ms)[0m  [1m[34mSELECT "categories".* FROM "categories" WHERE "categories"."id" = ? LIMIT ?[0m  [["id", 8], ["LIMIT", 1]]
  ↳ app/controllers/activities_controller.rb:4:in `index'
  [1m[36mCategory Load (0.4ms)[0m  [1m[34mSELECT "categories".* FROM "categories" WHERE "categories"."id" = ? LIMIT ?[0m  [["id", 12], ["LIMIT", 1]]
  ↳ app/controllers/activities_controller.rb:4:in `index'
  [1m[36mCategory Load (0.3ms)[0m  [1m[34mSELECT "categories".* FROM "categories" WHERE "categories"."id" = ? LIMIT ?[0m  [["id", 10], ["LIMIT", 1]]
  ↳ app/controllers/activities_controller.rb:4:in `index'
  [1m[36mCACHE Category Load (0.0ms)[0m  [1m[34mSELECT "categories".* FROM "categories" WHERE "categories"."id" = ? LIMIT ?[0m  [["id", 12], ["LIMIT", 1]]
  ↳ app/controllers/activities_controller.rb:4:in `index'
  [1m[36mCACHE Category Load (0.0ms)[0m  [1m[34mSELECT "categories".* FROM "categories" WHERE "categories"."id" = ? LIMIT ?[0m  [["id", 8], ["LIMIT", 1]]
  ↳ app/controllers/activities_controller.rb:4:in `index'
Completed 200 OK in 37ms (Views: 35.8ms | ActiveRecord: 1.4ms | Allocations: 7371)


Started GET "/activities" for ::1 at 2020-04-28 17:47:21 -0400
Processing by ActivitiesController#index as */*
  [1m[36mActivity Load (0.4ms)[0m  [1m[34mSELECT "activities".* FROM "activities"[0m
  ↳ app/controllers/activities_controller.rb:4:in `index'
  [1m[36mCategory Load (0.3ms)[0m  [1m[34mSELECT "categories".* FROM "categories" WHERE "categories"."id" = ? LIMIT ?[0m  [["id", 8], ["LIMIT", 1]]
  ↳ app/controllers/activities_controller.rb:4:in `index'
  [1m[36mCACHE Category Load (0.0ms)[0m  [1m[34mSELECT "categories".* FROM "categories" WHERE "categories"."id" = ? LIMIT ?[0m  [["id", 8], ["LIMIT", 1]]
  ↳ app/controllers/activities_controller.rb:4:in `index'
  [1m[36mCategory Load (0.3ms)[0m  [1m[34mSELECT "categories".* FROM "categories" WHERE "categories"."id" = ? LIMIT ?[0m  [["id", 12], ["LIMIT", 1]]
  ↳ app/controllers/activities_controller.rb:4:in `index'
  [1m[36mCategory Load (0.3ms)[0m  [1m[34mSELECT "categories".* FROM "categories" WHERE "categories"."id" = ? LIMIT ?[0m  [["id", 10], ["LIMIT", 1]]
  ↳ app/controllers/activities_controller.rb:4:in `index'
  [1m[36mCACHE Category Load (0.1ms)[0m  [1m[34mSELECT "categories".* FROM "categories" WHERE "categories"."id" = ? LIMIT ?[0m  [["id", 12], ["LIMIT", 1]]
  ↳ app/controllers/activities_controller.rb:4:in `index'
  [1m[36mCACHE Category Load (0.0ms)[0m  [1m[34mSELECT "categories".* FROM "categories" WHERE "categories"."id" = ? LIMIT ?[0m  [["id", 8], ["LIMIT", 1]]
  ↳ app/controllers/activities_controller.rb:4:in `index'
Completed 200 OK in 29ms (Views: 26.9ms | ActiveRecord: 1.4ms | Allocations: 7367)


Started GET "/activities" for ::1 at 2020-04-28 18:00:09 -0400
  [1m[35m (8.8ms)[0m  [1m[34mSELECT sqlite_version(*)[0m
  [1m[35m (0.2ms)[0m  [1m[34mSELECT "schema_migrations"."version" FROM "schema_migrations" ORDER BY "schema_migrations"."version" ASC[0m
Processing by ActivitiesController#index as */*
  [1m[36mActivity Load (0.2ms)[0m  [1m[34mSELECT "activities".* FROM "activities"[0m
  ↳ app/controllers/activities_controller.rb:4:in `index'
  [1m[36mCategory Load (0.3ms)[0m  [1m[34mSELECT "categories".* FROM "categories" WHERE "categories"."id" = ? LIMIT ?[0m  [["id", 8], ["LIMIT", 1]]
  ↳ app/controllers/activities_controller.rb:4:in `index'
  [1m[36mCACHE Category Load (0.0ms)[0m  [1m[34mSELECT "categories".* FROM "categories" WHERE "categories"."id" = ? LIMIT ?[0m  [["id", 8], ["LIMIT", 1]]
  ↳ app/controllers/activities_controller.rb:4:in `index'
  [1m[36mCategory Load (0.4ms)[0m  [1m[34mSELECT "categories".* FROM "categories" WHERE "categories"."id" = ? LIMIT ?[0m  [["id", 12], ["LIMIT", 1]]
  ↳ app/controllers/activities_controller.rb:4:in `index'
  [1m[36mCategory Load (0.2ms)[0m  [1m[34mSELECT "categories".* FROM "categories" WHERE "categories"."id" = ? LIMIT ?[0m  [["id", 10], ["LIMIT", 1]]
  ↳ app/controllers/activities_controller.rb:4:in `index'
  [1m[36mCACHE Category Load (0.1ms)[0m  [1m[34mSELECT "categories".* FROM "categories" WHERE "categories"."id" = ? LIMIT ?[0m  [["id", 12], ["LIMIT", 1]]
  ↳ app/controllers/activities_controller.rb:4:in `index'
  [1m[36mCACHE Category Load (0.0ms)[0m  [1m[34mSELECT "categories".* FROM "categories" WHERE "categories"."id" = ? LIMIT ?[0m  [["id", 8], ["LIMIT", 1]]
  ↳ app/controllers/activities_controller.rb:4:in `index'
Completed 200 OK in 171ms (Views: 133.7ms | ActiveRecord: 2.7ms | Allocations: 16744)


Started GET "/activities" for ::1 at 2020-04-28 18:07:17 -0400
  [1m[35m (0.1ms)[0m  [1m[34mSELECT sqlite_version(*)[0m
Processing by ActivitiesController#index as */*
  [1m[36mActivity Load (0.4ms)[0m  [1m[34mSELECT "activities".* FROM "activities"[0m
  ↳ app/controllers/activities_controller.rb:4:in `index'
  [1m[36mCategory Load (0.4ms)[0m  [1m[34mSELECT "categories".* FROM "categories" WHERE "categories"."id" = ? LIMIT ?[0m  [["id", 8], ["LIMIT", 1]]
  ↳ app/controllers/activities_controller.rb:4:in `index'
  [1m[36mCACHE Category Load (0.0ms)[0m  [1m[34mSELECT "categories".* FROM "categories" WHERE "categories"."id" = ? LIMIT ?[0m  [["id", 8], ["LIMIT", 1]]
  ↳ app/controllers/activities_controller.rb:4:in `index'
  [1m[36mCategory Load (0.3ms)[0m  [1m[34mSELECT "categories".* FROM "categories" WHERE "categories"."id" = ? LIMIT ?[0m  [["id", 12], ["LIMIT", 1]]
  ↳ app/controllers/activities_controller.rb:4:in `index'
  [1m[36mCategory Load (0.2ms)[0m  [1m[34mSELECT "categories".* FROM "categories" WHERE "categories"."id" = ? LIMIT ?[0m  [["id", 10], ["LIMIT", 1]]
  ↳ app/controllers/activities_controller.rb:4:in `index'
  [1m[36mCACHE Category Load (0.0ms)[0m  [1m[34mSELECT "categories".* FROM "categories" WHERE "categories"."id" = ? LIMIT ?[0m  [["id", 12], ["LIMIT", 1]]
  ↳ app/controllers/activities_controller.rb:4:in `index'
  [1m[36mCACHE Category Load (0.0ms)[0m  [1m[34mSELECT "categories".* FROM "categories" WHERE "categories"."id" = ? LIMIT ?[0m  [["id", 8], ["LIMIT", 1]]
  ↳ app/controllers/activities_controller.rb:4:in `index'
Completed 200 OK in 33ms (Views: 31.1ms | ActiveRecord: 1.4ms | Allocations: 7412)


Started GET "/activities" for ::1 at 2020-04-28 18:07:22 -0400
Processing by ActivitiesController#index as */*
  [1m[36mActivity Load (0.6ms)[0m  [1m[34mSELECT "activities".* FROM "activities"[0m
  ↳ app/controllers/activities_controller.rb:4:in `index'
  [1m[36mCategory Load (0.8ms)[0m  [1m[34mSELECT "categories".* FROM "categories" WHERE "categories"."id" = ? LIMIT ?[0m  [["id", 8], ["LIMIT", 1]]
  ↳ app/controllers/activities_controller.rb:4:in `index'
  [1m[36mCACHE Category Load (0.0ms)[0m  [1m[34mSELECT "categories".* FROM "categories" WHERE "categories"."id" = ? LIMIT ?[0m  [["id", 8], ["LIMIT", 1]]
  ↳ app/controllers/activities_controller.rb:4:in `index'
  [1m[36mCategory Load (0.4ms)[0m  [1m[34mSELECT "categories".* FROM "categories" WHERE "categories"."id" = ? LIMIT ?[0m  [["id", 12], ["LIMIT", 1]]
  ↳ app/controllers/activities_controller.rb:4:in `index'
  [1m[36mCategory Load (0.3ms)[0m  [1m[34mSELECT "categories".* FROM "categories" WHERE "categories"."id" = ? LIMIT ?[0m  [["id", 10], ["LIMIT", 1]]
  ↳ app/controllers/activities_controller.rb:4:in `index'
  [1m[36mCACHE Category Load (0.0ms)[0m  [1m[34mSELECT "categories".* FROM "categories" WHERE "categories"."id" = ? LIMIT ?[0m  [["id", 12], ["LIMIT", 1]]
  ↳ app/controllers/activities_controller.rb:4:in `index'
  [1m[36mCACHE Category Load (0.0ms)[0m  [1m[34mSELECT "categories".* FROM "categories" WHERE "categories"."id" = ? LIMIT ?[0m  [["id", 8], ["LIMIT", 1]]
  ↳ app/controllers/activities_controller.rb:4:in `index'
Completed 200 OK in 44ms (Views: 41.3ms | ActiveRecord: 2.2ms | Allocations: 7386)


Started GET "/activities" for ::1 at 2020-04-28 18:07:23 -0400
Processing by ActivitiesController#index as */*
  [1m[36mActivity Load (0.4ms)[0m  [1m[34mSELECT "activities".* FROM "activities"[0m
  ↳ app/controllers/activities_controller.rb:4:in `index'
  [1m[36mCategory Load (0.4ms)[0m  [1m[34mSELECT "categories".* FROM "categories" WHERE "categories"."id" = ? LIMIT ?[0m  [["id", 8], ["LIMIT", 1]]
  ↳ app/controllers/activities_controller.rb:4:in `index'
  [1m[36mCACHE Category Load (0.0ms)[0m  [1m[34mSELECT "categories".* FROM "categories" WHERE "categories"."id" = ? LIMIT ?[0m  [["id", 8], ["LIMIT", 1]]
  ↳ app/controllers/activities_controller.rb:4:in `index'
  [1m[36mCategory Load (0.8ms)[0m  [1m[34mSELECT "categories".* FROM "categories" WHERE "categories"."id" = ? LIMIT ?[0m  [["id", 12], ["LIMIT", 1]]
  ↳ app/controllers/activities_controller.rb:4:in `index'
  [1m[36mCategory Load (0.4ms)[0m  [1m[34mSELECT "categories".* FROM "categories" WHERE "categories"."id" = ? LIMIT ?[0m  [["id", 10], ["LIMIT", 1]]
  ↳ app/controllers/activities_controller.rb:4:in `index'
  [1m[36mCACHE Category Load (0.0ms)[0m  [1m[34mSELECT "categories".* FROM "categories" WHERE "categories"."id" = ? LIMIT ?[0m  [["id", 12], ["LIMIT", 1]]
  ↳ app/controllers/activities_controller.rb:4:in `index'
  [1m[36mCACHE Category Load (0.0ms)[0m  [1m[34mSELECT "categories".* FROM "categories" WHERE "categories"."id" = ? LIMIT ?[0m  [["id", 8], ["LIMIT", 1]]
  ↳ app/controllers/activities_controller.rb:4:in `index'
Completed 200 OK in 44ms (Views: 41.3ms | ActiveRecord: 2.1ms | Allocations: 7386)


Started GET "/activities" for ::1 at 2020-04-28 18:12:00 -0400
Processing by ActivitiesController#index as */*
  [1m[36mActivity Load (0.4ms)[0m  [1m[34mSELECT "activities".* FROM "activities"[0m
  ↳ app/controllers/activities_controller.rb:4:in `index'
  [1m[36mCategory Load (0.4ms)[0m  [1m[34mSELECT "categories".* FROM "categories" WHERE "categories"."id" = ? LIMIT ?[0m  [["id", 8], ["LIMIT", 1]]
  ↳ app/controllers/activities_controller.rb:4:in `index'
  [1m[36mCACHE Category Load (0.0ms)[0m  [1m[34mSELECT "categories".* FROM "categories" WHERE "categories"."id" = ? LIMIT ?[0m  [["id", 8], ["LIMIT", 1]]
  ↳ app/controllers/activities_controller.rb:4:in `index'
  [1m[36mCategory Load (0.2ms)[0m  [1m[34mSELECT "categories".* FROM "categories" WHERE "categories"."id" = ? LIMIT ?[0m  [["id", 12], ["LIMIT", 1]]
  ↳ app/controllers/activities_controller.rb:4:in `index'
  [1m[36mCategory Load (0.4ms)[0m  [1m[34mSELECT "categories".* FROM "categories" WHERE "categories"."id" = ? LIMIT ?[0m  [["id", 10], ["LIMIT", 1]]
  ↳ app/controllers/activities_controller.rb:4:in `index'
  [1m[36mCACHE Category Load (0.0ms)[0m  [1m[34mSELECT "categories".* FROM "categories" WHERE "categories"."id" = ? LIMIT ?[0m  [["id", 12], ["LIMIT", 1]]
  ↳ app/controllers/activities_controller.rb:4:in `index'
  [1m[36mCACHE Category Load (0.0ms)[0m  [1m[34mSELECT "categories".* FROM "categories" WHERE "categories"."id" = ? LIMIT ?[0m  [["id", 8], ["LIMIT", 1]]
  ↳ app/controllers/activities_controller.rb:4:in `index'
Completed 200 OK in 39ms (Views: 37.4ms | ActiveRecord: 1.3ms | Allocations: 7389)


Started GET "/activities" for ::1 at 2020-04-28 18:12:01 -0400
Processing by ActivitiesController#index as */*
  [1m[36mActivity Load (0.3ms)[0m  [1m[34mSELECT "activities".* FROM "activities"[0m
  ↳ app/controllers/activities_controller.rb:4:in `index'
  [1m[36mCategory Load (0.6ms)[0m  [1m[34mSELECT "categories".* FROM "categories" WHERE "categories"."id" = ? LIMIT ?[0m  [["id", 8], ["LIMIT", 1]]
  ↳ app/controllers/activities_controller.rb:4:in `index'
  [1m[36mCACHE Category Load (0.0ms)[0m  [1m[34mSELECT "categories".* FROM "categories" WHERE "categories"."id" = ? LIMIT ?[0m  [["id", 8], ["LIMIT", 1]]
  ↳ app/controllers/activities_controller.rb:4:in `index'
  [1m[36mCategory Load (0.3ms)[0m  [1m[34mSELECT "categories".* FROM "categories" WHERE "categories"."id" = ? LIMIT ?[0m  [["id", 12], ["LIMIT", 1]]
  ↳ app/controllers/activities_controller.rb:4:in `index'
  [1m[36mCategory Load (0.6ms)[0m  [1m[34mSELECT "categories".* FROM "categories" WHERE "categories"."id" = ? LIMIT ?[0m  [["id", 10], ["LIMIT", 1]]
  ↳ app/controllers/activities_controller.rb:4:in `index'
  [1m[36mCACHE Category Load (0.0ms)[0m  [1m[34mSELECT "categories".* FROM "categories" WHERE "categories"."id" = ? LIMIT ?[0m  [["id", 12], ["LIMIT", 1]]
  ↳ app/controllers/activities_controller.rb:4:in `index'
  [1m[36mCACHE Category Load (0.0ms)[0m  [1m[34mSELECT "categories".* FROM "categories" WHERE "categories"."id" = ? LIMIT ?[0m  [["id", 8], ["LIMIT", 1]]
  ↳ app/controllers/activities_controller.rb:4:in `index'
Completed 200 OK in 25ms (Views: 23.1ms | ActiveRecord: 1.9ms | Allocations: 7367)


Started GET "/activities" for ::1 at 2020-04-28 18:12:21 -0400
Processing by ActivitiesController#index as */*
  [1m[36mActivity Load (0.3ms)[0m  [1m[34mSELECT "activities".* FROM "activities"[0m
  ↳ app/controllers/activities_controller.rb:4:in `index'
  [1m[36mCategory Load (0.7ms)[0m  [1m[34mSELECT "categories".* FROM "categories" WHERE "categories"."id" = ? LIMIT ?[0m  [["id", 8], ["LIMIT", 1]]
  ↳ app/controllers/activities_controller.rb:4:in `index'
  [1m[36mCACHE Category Load (0.0ms)[0m  [1m[34mSELECT "categories".* FROM "categories" WHERE "categories"."id" = ? LIMIT ?[0m  [["id", 8], ["LIMIT", 1]]
  ↳ app/controllers/activities_controller.rb:4:in `index'
  [1m[36mCategory Load (0.2ms)[0m  [1m[34mSELECT "categories".* FROM "categories" WHERE "categories"."id" = ? LIMIT ?[0m  [["id", 12], ["LIMIT", 1]]
  ↳ app/controllers/activities_controller.rb:4:in `index'
  [1m[36mCategory Load (0.3ms)[0m  [1m[34mSELECT "categories".* FROM "categories" WHERE "categories"."id" = ? LIMIT ?[0m  [["id", 10], ["LIMIT", 1]]
  ↳ app/controllers/activities_controller.rb:4:in `index'
  [1m[36mCACHE Category Load (0.0ms)[0m  [1m[34mSELECT "categories".* FROM "categories" WHERE "categories"."id" = ? LIMIT ?[0m  [["id", 12], ["LIMIT", 1]]
  ↳ app/controllers/activities_controller.rb:4:in `index'
  [1m[36mCACHE Category Load (0.0ms)[0m  [1m[34mSELECT "categories".* FROM "categories" WHERE "categories"."id" = ? LIMIT ?[0m  [["id", 8], ["LIMIT", 1]]
  ↳ app/controllers/activities_controller.rb:4:in `index'
Completed 200 OK in 23ms (Views: 20.7ms | ActiveRecord: 1.6ms | Allocations: 7367)


Started GET "/activities" for ::1 at 2020-04-28 18:13:01 -0400
Processing by ActivitiesController#index as */*
  [1m[36mActivity Load (0.6ms)[0m  [1m[34mSELECT "activities".* FROM "activities"[0m
  ↳ app/controllers/activities_controller.rb:4:in `index'
  [1m[36mCategory Load (0.4ms)[0m  [1m[34mSELECT "categories".* FROM "categories" WHERE "categories"."id" = ? LIMIT ?[0m  [["id", 8], ["LIMIT", 1]]
  ↳ app/controllers/activities_controller.rb:4:in `index'
  [1m[36mCACHE Category Load (0.0ms)[0m  [1m[34mSELECT "categories".* FROM "categories" WHERE "categories"."id" = ? LIMIT ?[0m  [["id", 8], ["LIMIT", 1]]
  ↳ app/controllers/activities_controller.rb:4:in `index'
  [1m[36mCategory Load (0.4ms)[0m  [1m[34mSELECT "categories".* FROM "categories" WHERE "categories"."id" = ? LIMIT ?[0m  [["id", 12], ["LIMIT", 1]]
  ↳ app/controllers/activities_controller.rb:4:in `index'
  [1m[36mCategory Load (0.4ms)[0m  [1m[34mSELECT "categories".* FROM "categories" WHERE "categories"."id" = ? LIMIT ?[0m  [["id", 10], ["LIMIT", 1]]
  ↳ app/controllers/activities_controller.rb:4:in `index'
  [1m[36mCACHE Category Load (0.0ms)[0m  [1m[34mSELECT "categories".* FROM "categories" WHERE "categories"."id" = ? LIMIT ?[0m  [["id", 12], ["LIMIT", 1]]
  ↳ app/controllers/activities_controller.rb:4:in `index'
  [1m[36mCACHE Category Load (0.0ms)[0m  [1m[34mSELECT "categories".* FROM "categories" WHERE "categories"."id" = ? LIMIT ?[0m  [["id", 8], ["LIMIT", 1]]
  ↳ app/controllers/activities_controller.rb:4:in `index'
Completed 200 OK in 22ms (Views: 19.7ms | ActiveRecord: 1.9ms | Allocations: 7367)


Started GET "/activities" for ::1 at 2020-04-28 18:13:11 -0400
Processing by ActivitiesController#index as */*
  [1m[36mActivity Load (0.5ms)[0m  [1m[34mSELECT "activities".* FROM "activities"[0m
  ↳ app/controllers/activities_controller.rb:4:in `index'
  [1m[36mCategory Load (0.3ms)[0m  [1m[34mSELECT "categories".* FROM "categories" WHERE "categories"."id" = ? LIMIT ?[0m  [["id", 8], ["LIMIT", 1]]
  ↳ app/controllers/activities_controller.rb:4:in `index'
  [1m[36mCACHE Category Load (0.0ms)[0m  [1m[34mSELECT "categories".* FROM "categories" WHERE "categories"."id" = ? LIMIT ?[0m  [["id", 8], ["LIMIT", 1]]
  ↳ app/controllers/activities_controller.rb:4:in `index'
  [1m[36mCategory Load (0.7ms)[0m  [1m[34mSELECT "categories".* FROM "categories" WHERE "categories"."id" = ? LIMIT ?[0m  [["id", 12], ["LIMIT", 1]]
  ↳ app/controllers/activities_controller.rb:4:in `index'
  [1m[36mCategory Load (0.6ms)[0m  [1m[34mSELECT "categories".* FROM "categories" WHERE "categories"."id" = ? LIMIT ?[0m  [["id", 10], ["LIMIT", 1]]
  ↳ app/controllers/activities_controller.rb:4:in `index'
  [1m[36mCACHE Category Load (0.0ms)[0m  [1m[34mSELECT "categories".* FROM "categories" WHERE "categories"."id" = ? LIMIT ?[0m  [["id", 12], ["LIMIT", 1]]
  ↳ app/controllers/activities_controller.rb:4:in `index'
  [1m[36mCACHE Category Load (0.0ms)[0m  [1m[34mSELECT "categories".* FROM "categories" WHERE "categories"."id" = ? LIMIT ?[0m  [["id", 8], ["LIMIT", 1]]
  ↳ app/controllers/activities_controller.rb:4:in `index'
Completed 200 OK in 28ms (Views: 25.8ms | ActiveRecord: 2.1ms | Allocations: 7367)


Started GET "/activities" for ::1 at 2020-04-28 18:13:12 -0400
Processing by ActivitiesController#index as */*
  [1m[36mActivity Load (0.3ms)[0m  [1m[34mSELECT "activities".* FROM "activities"[0m
  ↳ app/controllers/activities_controller.rb:4:in `index'
  [1m[36mCategory Load (0.4ms)[0m  [1m[34mSELECT "categories".* FROM "categories" WHERE "categories"."id" = ? LIMIT ?[0m  [["id", 8], ["LIMIT", 1]]
  ↳ app/controllers/activities_controller.rb:4:in `index'
  [1m[36mCACHE Category Load (0.0ms)[0m  [1m[34mSELECT "categories".* FROM "categories" WHERE "categories"."id" = ? LIMIT ?[0m  [["id", 8], ["LIMIT", 1]]
  ↳ app/controllers/activities_controller.rb:4:in `index'
  [1m[36mCategory Load (0.3ms)[0m  [1m[34mSELECT "categories".* FROM "categories" WHERE "categories"."id" = ? LIMIT ?[0m  [["id", 12], ["LIMIT", 1]]
  ↳ app/controllers/activities_controller.rb:4:in `index'
  [1m[36mCategory Load (0.4ms)[0m  [1m[34mSELECT "categories".* FROM "categories" WHERE "categories"."id" = ? LIMIT ?[0m  [["id", 10], ["LIMIT", 1]]
  ↳ app/controllers/activities_controller.rb:4:in `index'
  [1m[36mCACHE Category Load (0.1ms)[0m  [1m[34mSELECT "categories".* FROM "categories" WHERE "categories"."id" = ? LIMIT ?[0m  [["id", 12], ["LIMIT", 1]]
  ↳ app/controllers/activities_controller.rb:4:in `index'
  [1m[36mCACHE Category Load (0.0ms)[0m  [1m[34mSELECT "categories".* FROM "categories" WHERE "categories"."id" = ? LIMIT ?[0m  [["id", 8], ["LIMIT", 1]]
  ↳ app/controllers/activities_controller.rb:4:in `index'
Completed 200 OK in 27ms (Views: 25.2ms | ActiveRecord: 1.6ms | Allocations: 7367)


Started GET "/activities" for ::1 at 2020-04-28 18:14:06 -0400
Processing by ActivitiesController#index as */*
  [1m[36mActivity Load (0.6ms)[0m  [1m[34mSELECT "activities".* FROM "activities"[0m
  ↳ app/controllers/activities_controller.rb:4:in `index'
  [1m[36mCategory Load (0.3ms)[0m  [1m[34mSELECT "categories".* FROM "categories" WHERE "categories"."id" = ? LIMIT ?[0m  [["id", 8], ["LIMIT", 1]]
  ↳ app/controllers/activities_controller.rb:4:in `index'
  [1m[36mCACHE Category Load (0.0ms)[0m  [1m[34mSELECT "categories".* FROM "categories" WHERE "categories"."id" = ? LIMIT ?[0m  [["id", 8], ["LIMIT", 1]]
  ↳ app/controllers/activities_controller.rb:4:in `index'
  [1m[36mCategory Load (0.3ms)[0m  [1m[34mSELECT "categories".* FROM "categories" WHERE "categories"."id" = ? LIMIT ?[0m  [["id", 12], ["LIMIT", 1]]
  ↳ app/controllers/activities_controller.rb:4:in `index'
  [1m[36mCategory Load (0.3ms)[0m  [1m[34mSELECT "categories".* FROM "categories" WHERE "categories"."id" = ? LIMIT ?[0m  [["id", 10], ["LIMIT", 1]]
  ↳ app/controllers/activities_controller.rb:4:in `index'
  [1m[36mCACHE Category Load (0.0ms)[0m  [1m[34mSELECT "categories".* FROM "categories" WHERE "categories"."id" = ? LIMIT ?[0m  [["id", 12], ["LIMIT", 1]]
  ↳ app/controllers/activities_controller.rb:4:in `index'
  [1m[36mCACHE Category Load (0.0ms)[0m  [1m[34mSELECT "categories".* FROM "categories" WHERE "categories"."id" = ? LIMIT ?[0m  [["id", 8], ["LIMIT", 1]]
  ↳ app/controllers/activities_controller.rb:4:in `index'
Completed 200 OK in 25ms (Views: 22.9ms | ActiveRecord: 1.5ms | Allocations: 7367)


Started GET "/activities" for ::1 at 2020-04-28 18:14:49 -0400
Processing by ActivitiesController#index as */*
  [1m[36mActivity Load (0.3ms)[0m  [1m[34mSELECT "activities".* FROM "activities"[0m
  ↳ app/controllers/activities_controller.rb:4:in `index'
  [1m[36mCategory Load (0.5ms)[0m  [1m[34mSELECT "categories".* FROM "categories" WHERE "categories"."id" = ? LIMIT ?[0m  [["id", 8], ["LIMIT", 1]]
  ↳ app/controllers/activities_controller.rb:4:in `index'
  [1m[36mCACHE Category Load (0.0ms)[0m  [1m[34mSELECT "categories".* FROM "categories" WHERE "categories"."id" = ? LIMIT ?[0m  [["id", 8], ["LIMIT", 1]]
  ↳ app/controllers/activities_controller.rb:4:in `index'
  [1m[36mCategory Load (0.3ms)[0m  [1m[34mSELECT "categories".* FROM "categories" WHERE "categories"."id" = ? LIMIT ?[0m  [["id", 12], ["LIMIT", 1]]
  ↳ app/controllers/activities_controller.rb:4:in `index'
  [1m[36mCategory Load (0.5ms)[0m  [1m[34mSELECT "categories".* FROM "categories" WHERE "categories"."id" = ? LIMIT ?[0m  [["id", 10], ["LIMIT", 1]]
  ↳ app/controllers/activities_controller.rb:4:in `index'
  [1m[36mCACHE Category Load (0.1ms)[0m  [1m[34mSELECT "categories".* FROM "categories" WHERE "categories"."id" = ? LIMIT ?[0m  [["id", 12], ["LIMIT", 1]]
  ↳ app/controllers/activities_controller.rb:4:in `index'
  [1m[36mCACHE Category Load (0.0ms)[0m  [1m[34mSELECT "categories".* FROM "categories" WHERE "categories"."id" = ? LIMIT ?[0m  [["id", 8], ["LIMIT", 1]]
  ↳ app/controllers/activities_controller.rb:4:in `index'
Completed 200 OK in 31ms (Views: 28.4ms | ActiveRecord: 1.9ms | Allocations: 7367)


Started GET "/activities" for ::1 at 2020-04-28 18:14:58 -0400
Processing by ActivitiesController#index as */*
  [1m[36mActivity Load (0.5ms)[0m  [1m[34mSELECT "activities".* FROM "activities"[0m
  ↳ app/controllers/activities_controller.rb:4:in `index'
  [1m[36mCategory Load (0.3ms)[0m  [1m[34mSELECT "categories".* FROM "categories" WHERE "categories"."id" = ? LIMIT ?[0m  [["id", 8], ["LIMIT", 1]]
  ↳ app/controllers/activities_controller.rb:4:in `index'
  [1m[36mCACHE Category Load (0.0ms)[0m  [1m[34mSELECT "categories".* FROM "categories" WHERE "categories"."id" = ? LIMIT ?[0m  [["id", 8], ["LIMIT", 1]]
  ↳ app/controllers/activities_controller.rb:4:in `index'
  [1m[36mCategory Load (0.2ms)[0m  [1m[34mSELECT "categories".* FROM "categories" WHERE "categories"."id" = ? LIMIT ?[0m  [["id", 12], ["LIMIT", 1]]
  ↳ app/controllers/activities_controller.rb:4:in `index'
  [1m[36mCategory Load (0.2ms)[0m  [1m[34mSELECT "categories".* FROM "categories" WHERE "categories"."id" = ? LIMIT ?[0m  [["id", 10], ["LIMIT", 1]]
  ↳ app/controllers/activities_controller.rb:4:in `index'
  [1m[36mCACHE Category Load (0.0ms)[0m  [1m[34mSELECT "categories".* FROM "categories" WHERE "categories"."id" = ? LIMIT ?[0m  [["id", 12], ["LIMIT", 1]]
  ↳ app/controllers/activities_controller.rb:4:in `index'
  [1m[36mCACHE Category Load (0.0ms)[0m  [1m[34mSELECT "categories".* FROM "categories" WHERE "categories"."id" = ? LIMIT ?[0m  [["id", 8], ["LIMIT", 1]]
  ↳ app/controllers/activities_controller.rb:4:in `index'
Completed 200 OK in 22ms (Views: 20.8ms | ActiveRecord: 1.3ms | Allocations: 7367)


Started GET "/activities" for ::1 at 2020-04-28 18:16:59 -0400
Processing by ActivitiesController#index as */*
  [1m[36mActivity Load (0.4ms)[0m  [1m[34mSELECT "activities".* FROM "activities"[0m
  ↳ app/controllers/activities_controller.rb:4:in `index'
  [1m[36mCategory Load (0.4ms)[0m  [1m[34mSELECT "categories".* FROM "categories" WHERE "categories"."id" = ? LIMIT ?[0m  [["id", 8], ["LIMIT", 1]]
  ↳ app/controllers/activities_controller.rb:4:in `index'
  [1m[36mCACHE Category Load (0.0ms)[0m  [1m[34mSELECT "categories".* FROM "categories" WHERE "categories"."id" = ? LIMIT ?[0m  [["id", 8], ["LIMIT", 1]]
  ↳ app/controllers/activities_controller.rb:4:in `index'
  [1m[36mCategory Load (0.6ms)[0m  [1m[34mSELECT "categories".* FROM "categories" WHERE "categories"."id" = ? LIMIT ?[0m  [["id", 12], ["LIMIT", 1]]
  ↳ app/controllers/activities_controller.rb:4:in `index'
  [1m[36mCategory Load (0.2ms)[0m  [1m[34mSELECT "categories".* FROM "categories" WHERE "categories"."id" = ? LIMIT ?[0m  [["id", 10], ["LIMIT", 1]]
  ↳ app/controllers/activities_controller.rb:4:in `index'
  [1m[36mCACHE Category Load (0.0ms)[0m  [1m[34mSELECT "categories".* FROM "categories" WHERE "categories"."id" = ? LIMIT ?[0m  [["id", 12], ["LIMIT", 1]]
  ↳ app/controllers/activities_controller.rb:4:in `index'
  [1m[36mCACHE Category Load (0.0ms)[0m  [1m[34mSELECT "categories".* FROM "categories" WHERE "categories"."id" = ? LIMIT ?[0m  [["id", 8], ["LIMIT", 1]]
  ↳ app/controllers/activities_controller.rb:4:in `index'
Completed 200 OK in 26ms (Views: 23.6ms | ActiveRecord: 1.8ms | Allocations: 7367)


